{"numTotalTestSuites":99,"numPassedTestSuites":99,"numFailedTestSuites":0,"numPendingTestSuites":0,"numTotalTests":262,"numPassedTests":262,"numFailedTests":0,"numPendingTests":0,"numTodoTests":0,"snapshot":{"added":0,"failure":false,"filesAdded":0,"filesRemoved":0,"filesRemovedList":[],"filesUnmatched":0,"filesUpdated":0,"matched":0,"total":0,"unchecked":0,"uncheckedKeysByFile":[],"unmatched":0,"updated":0,"didUpdate":false},"startTime":1774706761809,"success":true,"testResults":[{"assertionResults":[{"ancestorTitles":["[page] App — [rendu]"],"fullName":"[page] App — [rendu] affiche le skip link","status":"passed","title":"affiche le skip link","duration":188.65467200000012,"failureMessages":[],"meta":{}},{"ancestorTitles":["[page] App — [rendu]"],"fullName":"[page] App — [rendu] affiche la navigation","status":"passed","title":"affiche la navigation","duration":298.25371399999995,"failureMessages":[],"meta":{}},{"ancestorTitles":["[page] App — [rendu]"],"fullName":"[page] App — [rendu] affiche le main","status":"passed","title":"affiche le main","duration":119.91279600000007,"failureMessages":[],"meta":{}},{"ancestorTitles":["[page] App — [rendu]"],"fullName":"[page] App — [rendu] affiche toutes les sections principales","status":"passed","title":"affiche toutes les sections principales","duration":145.7689559999999,"failureMessages":[],"meta":{}},{"ancestorTitles":["[page] App — [rendu]"],"fullName":"[page] App — [rendu] affiche le footer","status":"passed","title":"affiche le footer","duration":147.1581799999999,"failureMessages":[],"meta":{}},{"ancestorTitles":["[page] App — [rendu]"],"fullName":"[page] App — [rendu] affiche le menu accessibilité","status":"passed","title":"affiche le menu accessibilité","duration":558.5203759999999,"failureMessages":[],"meta":{}},{"ancestorTitles":["[page] App — [a11y]"],"fullName":"[page] App — [a11y] n'a pas de violations d'accessibilité","status":"passed","title":"n'a pas de violations d'accessibilité","duration":4117.694304000001,"failureMessages":[],"meta":{}}],"startTime":1774706774867,"endTime":1774706780443.6943,"status":"passed","message":"","name":"/home/runner/work/cv-portfolio/cv-portfolio/apps/web/src/App.test.tsx"},{"assertionResults":[{"ancestorTitles":["[hook] useA11y — [rendu]"],"fullName":"[hook] useA11y — [rendu] retourne les settings par défaut","status":"passed","title":"retourne les settings par défaut","duration":18.92840500000011,"failureMessages":[],"meta":{}},{"ancestorTitles":["[hook] useA11y — [rendu]"],"fullName":"[hook] useA11y — [rendu] persiste les settings dans localStorage","status":"passed","title":"persiste les settings dans localStorage","duration":4.434522999999899,"failureMessages":[],"meta":{}},{"ancestorTitles":["[hook] useA11y — [rendu]"],"fullName":"[hook] useA11y — [rendu] charge les settings depuis localStorage au montage","status":"passed","title":"charge les settings depuis localStorage au montage","duration":2.833041000000094,"failureMessages":[],"meta":{}},{"ancestorTitles":["[hook] useA11y — [interactions]"],"fullName":"[hook] useA11y — [interactions] toggle dyslexicFont","status":"passed","title":"toggle dyslexicFont","duration":3.193326999999954,"failureMessages":[],"meta":{}},{"ancestorTitles":["[hook] useA11y — [interactions]"],"fullName":"[hook] useA11y — [interactions] toggle highContrast ajoute la classe a11y-contrast","status":"passed","title":"toggle highContrast ajoute la classe a11y-contrast","duration":2.7422200000000885,"failureMessages":[],"meta":{}},{"ancestorTitles":["[hook] useA11y — [interactions]"],"fullName":"[hook] useA11y — [interactions] toggle pauseAnimations ajoute la classe a11y-no-motion","status":"passed","title":"toggle pauseAnimations ajoute la classe a11y-no-motion","duration":2.39726399999995,"failureMessages":[],"meta":{}},{"ancestorTitles":["[hook] useA11y — [interactions]"],"fullName":"[hook] useA11y — [interactions] toggle letterSpacing ajoute la classe a11y-spacing","status":"passed","title":"toggle letterSpacing ajoute la classe a11y-spacing","duration":2.1688839999999345,"failureMessages":[],"meta":{}},{"ancestorTitles":["[hook] useA11y — [interactions]"],"fullName":"[hook] useA11y — [interactions] setFontSize(2) ajoute a11y-font-md","status":"passed","title":"setFontSize(2) ajoute a11y-font-md","duration":2.244664999999941,"failureMessages":[],"meta":{}},{"ancestorTitles":["[hook] useA11y — [interactions]"],"fullName":"[hook] useA11y — [interactions] setFontSize(3) ajoute a11y-font-lg","status":"passed","title":"setFontSize(3) ajoute a11y-font-lg","duration":2.579777000000149,"failureMessages":[],"meta":{}},{"ancestorTitles":["[hook] useA11y — [interactions]"],"fullName":"[hook] useA11y — [interactions] reset remet les valeurs par défaut","status":"passed","title":"reset remet les valeurs par défaut","duration":4.320366000000149,"failureMessages":[],"meta":{}}],"startTime":1774706770253,"endTime":1774706770300.3203,"status":"passed","message":"","name":"/home/runner/work/cv-portfolio/cv-portfolio/apps/web/src/hooks/useA11y.test.ts"},{"assertionResults":[{"ancestorTitles":["[hook] useDocumentTitle — [rendu]"],"fullName":"[hook] useDocumentTitle — [rendu] monte sans erreur","status":"passed","title":"monte sans erreur","duration":17.032998000000134,"failureMessages":[],"meta":{}},{"ancestorTitles":["[hook] useDocumentTitle — [rendu]"],"fullName":"[hook] useDocumentTitle — [rendu] ne change pas le titre si aucune section n'est dans le DOM","status":"passed","title":"ne change pas le titre si aucune section n'est dans le DOM","duration":3.075745000000097,"failureMessages":[],"meta":{}},{"ancestorTitles":["[hook] useDocumentTitle — [interactions]"],"fullName":"[hook] useDocumentTitle — [interactions] met à jour le titre quand la section hero est intersectée","status":"passed","title":"met à jour le titre quand la section hero est intersectée","duration":4.014371999999867,"failureMessages":[],"meta":{}},{"ancestorTitles":["[hook] useDocumentTitle — [interactions]"],"fullName":"[hook] useDocumentTitle — [interactions] met à jour le titre avec la clé i18n pour une section avec titleKey","status":"passed","title":"met à jour le titre avec la clé i18n pour une section avec titleKey","duration":3.2604949999999917,"failureMessages":[],"meta":{}},{"ancestorTitles":["[hook] useDocumentTitle — [interactions]"],"fullName":"[hook] useDocumentTitle — [interactions] ne met pas à jour le titre si isIntersecting=false","status":"passed","title":"ne met pas à jour le titre si isIntersecting=false","duration":3.11562600000002,"failureMessages":[],"meta":{}},{"ancestorTitles":["[hook] useDocumentTitle — [interactions]"],"fullName":"[hook] useDocumentTitle — [interactions] déconnecte les observers au démontage","status":"passed","title":"déconnecte les observers au démontage","duration":3.0480989999998656,"failureMessages":[],"meta":{}}],"startTime":1774706767484,"endTime":1774706767518.048,"status":"passed","message":"","name":"/home/runner/work/cv-portfolio/cv-portfolio/apps/web/src/hooks/useDocumentTitle.test.ts"},{"assertionResults":[{"ancestorTitles":["[hook] useIntersectionObserver — [rendu]"],"fullName":"[hook] useIntersectionObserver — [rendu] retourne isVisible=false par défaut","status":"passed","title":"retourne isVisible=false par défaut","duration":9.78235299999983,"failureMessages":[],"meta":{}},{"ancestorTitles":["[hook] useIntersectionObserver — [rendu]"],"fullName":"[hook] useIntersectionObserver — [rendu] retourne une ref initialisée","status":"passed","title":"retourne une ref initialisée","duration":1.8988709999998719,"failureMessages":[],"meta":{}},{"ancestorTitles":["[hook] useIntersectionObserver — [rendu]"],"fullName":"[hook] useIntersectionObserver — [rendu] accepte des options threshold et rootMargin","status":"passed","title":"accepte des options threshold et rootMargin","duration":2.6677219999999124,"failureMessages":[],"meta":{}},{"ancestorTitles":["[hook] useIntersectionObserver — [rendu]"],"fullName":"[hook] useIntersectionObserver — [rendu] accepte triggerOnce=false","status":"passed","title":"accepte triggerOnce=false","duration":2.238841000000093,"failureMessages":[],"meta":{}},{"ancestorTitles":["[hook] useIntersectionObserver — [rendu]"],"fullName":"[hook] useIntersectionObserver — [rendu] monte et démonte sans erreur","status":"passed","title":"monte et démonte sans erreur","duration":2.2693799999999555,"failureMessages":[],"meta":{}}],"startTime":1774706784460,"endTime":1774706784478.2693,"status":"passed","message":"","name":"/home/runner/work/cv-portfolio/cv-portfolio/apps/web/src/hooks/useIntersectionObserver.test.ts"},{"assertionResults":[{"ancestorTitles":["[hook] useReducedMotion — [rendu]"],"fullName":"[hook] useReducedMotion — [rendu] retourne false si prefers-reduced-motion=no-preference","status":"passed","title":"retourne false si prefers-reduced-motion=no-preference","duration":13.93666600000006,"failureMessages":[],"meta":{}},{"ancestorTitles":["[hook] useReducedMotion — [rendu]"],"fullName":"[hook] useReducedMotion — [rendu] retourne true si prefers-reduced-motion=reduce","status":"passed","title":"retourne true si prefers-reduced-motion=reduce","duration":2.406274000000167,"failureMessages":[],"meta":{}},{"ancestorTitles":["[hook] useReducedMotion — [interactions]"],"fullName":"[hook] useReducedMotion — [interactions] met à jour la valeur quand la préférence change vers reduce","status":"passed","title":"met à jour la valeur quand la préférence change vers reduce","duration":3.2345550000000003,"failureMessages":[],"meta":{}},{"ancestorTitles":["[hook] useReducedMotion — [interactions]"],"fullName":"[hook] useReducedMotion — [interactions] met à jour la valeur quand la préférence change vers no-preference","status":"passed","title":"met à jour la valeur quand la préférence change vers no-preference","duration":2.8142910000001393,"failureMessages":[],"meta":{}},{"ancestorTitles":["[hook] useReducedMotion — [interactions]"],"fullName":"[hook] useReducedMotion — [interactions] retire le listener au démontage","status":"passed","title":"retire le listener au démontage","duration":2.5687769999999546,"failureMessages":[],"meta":{}}],"startTime":1774706781752,"endTime":1774706781777.5688,"status":"passed","message":"","name":"/home/runner/work/cv-portfolio/cv-portfolio/apps/web/src/hooks/useReducedMotion.test.ts"},{"assertionResults":[{"ancestorTitles":["[hook] useSpeech — [rendu]"],"fullName":"[hook] useSpeech — [rendu] retourne isSupported=true si speechSynthesis est dans window","status":"passed","title":"retourne isSupported=true si speechSynthesis est dans window","duration":11.671921999999995,"failureMessages":[],"meta":{}},{"ancestorTitles":["[hook] useSpeech — [rendu]"],"fullName":"[hook] useSpeech — [rendu] retourne isSupported=false si speechSynthesis est absent","status":"passed","title":"retourne isSupported=false si speechSynthesis est absent","duration":1.4807590000000346,"failureMessages":[],"meta":{}},{"ancestorTitles":["[hook] useSpeech — [rendu]"],"fullName":"[hook] useSpeech — [rendu] état initial — isSpeaking=false","status":"passed","title":"état initial — isSpeaking=false","duration":1.4100969999999506,"failureMessages":[],"meta":{}},{"ancestorTitles":["[hook] useSpeech — [rendu]"],"fullName":"[hook] useSpeech — [rendu] état initial — isPaused=false","status":"passed","title":"état initial — isPaused=false","duration":1.4442269999999553,"failureMessages":[],"meta":{}},{"ancestorTitles":["[hook] useSpeech — [rendu]"],"fullName":"[hook] useSpeech — [rendu] état initial — currentText vide","status":"passed","title":"état initial — currentText vide","duration":1.380572999999913,"failureMessages":[],"meta":{}},{"ancestorTitles":["[hook] useSpeech — [rendu]"],"fullName":"[hook] useSpeech — [rendu] état initial — mode=page","status":"passed","title":"état initial — mode=page","duration":1.1968899999999394,"failureMessages":[],"meta":{}},{"ancestorTitles":["[hook] useSpeech — [rendu]"],"fullName":"[hook] useSpeech — [rendu] monte et démonte sans erreur","status":"passed","title":"monte et démonte sans erreur","duration":1.9053659999999581,"failureMessages":[],"meta":{}},{"ancestorTitles":["[hook] useSpeech — [rendu]"],"fullName":"[hook] useSpeech — [rendu] annule la synthèse au démontage","status":"passed","title":"annule la synthèse au démontage","duration":1.2632139999998344,"failureMessages":[],"meta":{}},{"ancestorTitles":["[hook] useSpeech — [interactions]"],"fullName":"[hook] useSpeech — [interactions] setMode change le mode vers click","status":"passed","title":"setMode change le mode vers click","duration":2.8736699999999473,"failureMessages":[],"meta":{}},{"ancestorTitles":["[hook] useSpeech — [interactions]"],"fullName":"[hook] useSpeech — [interactions] setMode change le mode vers page","status":"passed","title":"setMode change le mode vers page","duration":2.2478360000000066,"failureMessages":[],"meta":{}},{"ancestorTitles":["[hook] useSpeech — [interactions]"],"fullName":"[hook] useSpeech — [interactions] pause — appelle speechSynthesis.pause et isPaused=true","status":"passed","title":"pause — appelle speechSynthesis.pause et isPaused=true","duration":5.332938000000013,"failureMessages":[],"meta":{}},{"ancestorTitles":["[hook] useSpeech — [interactions]"],"fullName":"[hook] useSpeech — [interactions] resume — appelle speechSynthesis.resume et isPaused=false","status":"passed","title":"resume — appelle speechSynthesis.resume et isPaused=false","duration":2.7084839999999986,"failureMessages":[],"meta":{}},{"ancestorTitles":["[hook] useSpeech — [interactions]"],"fullName":"[hook] useSpeech — [interactions] pause ignorée en mode click","status":"passed","title":"pause ignorée en mode click","duration":4.964787999999999,"failureMessages":[],"meta":{}},{"ancestorTitles":["[hook] useSpeech — [interactions]"],"fullName":"[hook] useSpeech — [interactions] stop — remet isSpeaking, isPaused, currentText à zéro","status":"passed","title":"stop — remet isSpeaking, isPaused, currentText à zéro","duration":2.621357999999873,"failureMessages":[],"meta":{}},{"ancestorTitles":["[hook] useSpeech — [interactions]"],"fullName":"[hook] useSpeech — [interactions] stop — appelle speechSynthesis.cancel","status":"passed","title":"stop — appelle speechSynthesis.cancel","duration":1.581920000000082,"failureMessages":[],"meta":{}},{"ancestorTitles":["[hook] useSpeech — [interactions]"],"fullName":"[hook] useSpeech — [interactions] next ignoré en mode click","status":"passed","title":"next ignoré en mode click","duration":1.5562629999999444,"failureMessages":[],"meta":{}},{"ancestorTitles":["[hook] useSpeech — [interactions]"],"fullName":"[hook] useSpeech — [interactions] previous ignoré en mode click","status":"passed","title":"previous ignoré en mode click","duration":1.337643000000071,"failureMessages":[],"meta":{}},{"ancestorTitles":["[hook] useSpeech — [interactions]"],"fullName":"[hook] useSpeech — [interactions] next — appelle cancel en mode page","status":"passed","title":"next — appelle cancel en mode page","duration":1.219831000000113,"failureMessages":[],"meta":{}},{"ancestorTitles":["[hook] useSpeech — [interactions]"],"fullName":"[hook] useSpeech — [interactions] previous — appelle cancel en mode page","status":"passed","title":"previous — appelle cancel en mode page","duration":1.153047000000015,"failureMessages":[],"meta":{}}],"startTime":1774706763234,"endTime":1774706763283.153,"status":"passed","message":"","name":"/home/runner/work/cv-portfolio/cv-portfolio/apps/web/src/hooks/useSpeech.test.ts"},{"assertionResults":[{"ancestorTitles":["[hook] useTheme — [rendu]"],"fullName":"[hook] useTheme — [rendu] retourne un thème initial valide","status":"passed","title":"retourne un thème initial valide","duration":16.67569400000002,"failureMessages":[],"meta":{}},{"ancestorTitles":["[hook] useTheme — [rendu]"],"fullName":"[hook] useTheme — [rendu] expose une fonction toggleTheme","status":"passed","title":"expose une fonction toggleTheme","duration":2.134902000000011,"failureMessages":[],"meta":{}},{"ancestorTitles":["[hook] useTheme — [rendu]"],"fullName":"[hook] useTheme — [rendu] cycle complet light → dark → light","status":"passed","title":"cycle complet light → dark → light","duration":4.365653000000066,"failureMessages":[],"meta":{}},{"ancestorTitles":["[hook] useTheme — [rendu]"],"fullName":"[hook] useTheme — [rendu] toggleTheme met à jour data-theme sur <html>","status":"passed","title":"toggleTheme met à jour data-theme sur <html>","duration":2.8158599999999296,"failureMessages":[],"meta":{}},{"ancestorTitles":["[hook] useTheme — [rendu]"],"fullName":"[hook] useTheme — [rendu] deux instances partagent le même thème","status":"passed","title":"deux instances partagent le même thème","duration":4.00937399999998,"failureMessages":[],"meta":{}},{"ancestorTitles":["[hook] useTheme — [rendu]"],"fullName":"[hook] useTheme — [rendu] toggleTheme persiste le thème dans localStorage","status":"passed","title":"toggleTheme persiste le thème dans localStorage","duration":1.941906999999901,"failureMessages":[],"meta":{}}],"startTime":1774706783689,"endTime":1774706783720.942,"status":"passed","message":"","name":"/home/runner/work/cv-portfolio/cv-portfolio/apps/web/src/hooks/useTheme.test.ts"},{"assertionResults":[{"ancestorTitles":["[page] BrainBoostTestsStatic — [rendu]"],"fullName":"[page] BrainBoostTestsStatic — [rendu] affiche le nombre de tests Jest","status":"passed","title":"affiche le nombre de tests Jest","duration":90.22256399999992,"failureMessages":[],"meta":{}},{"ancestorTitles":["[page] BrainBoostTestsStatic — [rendu]"],"fullName":"[page] BrainBoostTestsStatic — [rendu] affiche la couverture globale","status":"passed","title":"affiche la couverture globale","duration":27.239659999999958,"failureMessages":[],"meta":{}},{"ancestorTitles":["[page] BrainBoostTestsStatic — [rendu]"],"fullName":"[page] BrainBoostTestsStatic — [rendu] affiche le nombre de tests E2E","status":"passed","title":"affiche le nombre de tests E2E","duration":31.56405400000017,"failureMessages":[],"meta":{}},{"ancestorTitles":["[page] BrainBoostTestsStatic — [rendu]"],"fullName":"[page] BrainBoostTestsStatic — [rendu] affiche le niveau WCAG","status":"passed","title":"affiche le niveau WCAG","duration":19.58668499999999,"failureMessages":[],"meta":{}},{"ancestorTitles":["[page] BrainBoostTestsStatic — [rendu]"],"fullName":"[page] BrainBoostTestsStatic — [rendu] affiche les 4 métriques de couverture","status":"passed","title":"affiche les 4 métriques de couverture","duration":27.433343999999806,"failureMessages":[],"meta":{}},{"ancestorTitles":["[page] BrainBoostTestsStatic — [rendu]"],"fullName":"[page] BrainBoostTestsStatic — [rendu] affiche les barres de progression avec les bons aria","status":"passed","title":"affiche les barres de progression avec les bons aria","duration":297.77266099999997,"failureMessages":[],"meta":{}},{"ancestorTitles":["[page] BrainBoostTestsStatic — [rendu]"],"fullName":"[page] BrainBoostTestsStatic — [rendu] affiche les 4 suites de tests","status":"passed","title":"affiche les 4 suites de tests","duration":35.98307900000009,"failureMessages":[],"meta":{}},{"ancestorTitles":["[page] BrainBoostTestsStatic — [a11y]"],"fullName":"[page] BrainBoostTestsStatic — [a11y] n'a pas de violations d'accessibilité","status":"passed","title":"n'a pas de violations d'accessibilité","duration":921.4196229999998,"failureMessages":[],"meta":{}}],"startTime":1774706778115,"endTime":1774706779567.4197,"status":"passed","message":"","name":"/home/runner/work/cv-portfolio/cv-portfolio/apps/web/src/pages/TestDashboard/BrainBoostTestsStatic.test.tsx"},{"assertionResults":[{"ancestorTitles":["[page] TestDashboard — [rendu]"],"fullName":"[page] TestDashboard — [rendu] affiche le titre","status":"passed","title":"affiche le titre","duration":312.61885200000006,"failureMessages":[],"meta":{}},{"ancestorTitles":["[page] TestDashboard — [rendu]"],"fullName":"[page] TestDashboard — [rendu] affiche le lien retour portfolio","status":"passed","title":"affiche le lien retour portfolio","duration":146.07816900000012,"failureMessages":[],"meta":{}},{"ancestorTitles":["[page] TestDashboard — [rendu]"],"fullName":"[page] TestDashboard — [rendu] affiche le contenu du dashboard","status":"passed","title":"affiche le contenu du dashboard","duration":7.169791000000032,"failureMessages":[],"meta":{}},{"ancestorTitles":["[page] TestDashboard — [a11y]"],"fullName":"[page] TestDashboard — [a11y] n'a pas de violations d'accessibilité","status":"passed","title":"n'a pas de violations d'accessibilité","duration":317.8757519999999,"failureMessages":[],"meta":{}}],"startTime":1774706785673,"endTime":1774706786456.8757,"status":"passed","message":"","name":"/home/runner/work/cv-portfolio/cv-portfolio/apps/web/src/pages/TestDashboard/TestDashboard.test.tsx"},{"assertionResults":[{"ancestorTitles":["[page] TestDashboardContent helpers — [rendu]"],"fullName":"[page] TestDashboardContent helpers — [rendu] getFileName — nettoie le chemin","status":"passed","title":"getFileName — nettoie le chemin","duration":1.8995370000000094,"failureMessages":[],"meta":{}},{"ancestorTitles":["[page] TestDashboardContent helpers — [rendu]"],"fullName":"[page] TestDashboardContent helpers — [rendu] getSuiteName — extrait le nom du fichier","status":"passed","title":"getSuiteName — extrait le nom du fichier","duration":0.5313019999998687,"failureMessages":[],"meta":{}},{"ancestorTitles":["[page] TestDashboardContent helpers — [rendu]"],"fullName":"[page] TestDashboardContent helpers — [rendu] getCoverageColor — retourne la bonne couleur","status":"passed","title":"getCoverageColor — retourne la bonne couleur","duration":0.6909700000001067,"failureMessages":[],"meta":{}},{"ancestorTitles":["[page] TestDashboardContent helpers — [rendu]"],"fullName":"[page] TestDashboardContent helpers — [rendu] formatDuration — formate en ms et en secondes","status":"passed","title":"formatDuration — formate en ms et en secondes","duration":0.6209900000001198,"failureMessages":[],"meta":{}},{"ancestorTitles":["[page] TestDashboardContent — [rendu]"],"fullName":"[page] TestDashboardContent — [rendu] affiche le spinner pendant le chargement","status":"passed","title":"affiche le spinner pendant le chargement","duration":24.74371099999985,"failureMessages":[],"meta":{}},{"ancestorTitles":["[page] TestDashboardContent — [rendu]"],"fullName":"[page] TestDashboardContent — [rendu] affiche le message d'erreur si fetch échoue","status":"passed","title":"affiche le message d'erreur si fetch échoue","duration":26.756851000000097,"failureMessages":[],"meta":{}},{"ancestorTitles":["[page] TestDashboardContent — [rendu]"],"fullName":"[page] TestDashboardContent — [rendu] affiche les stats globales après chargement","status":"passed","title":"affiche les stats globales après chargement","duration":88.60817599999996,"failureMessages":[],"meta":{}},{"ancestorTitles":["[page] TestDashboardContent — [rendu]"],"fullName":"[page] TestDashboardContent — [rendu] affiche le titre Suites de tests","status":"passed","title":"affiche le titre Suites de tests","duration":17.413839999999936,"failureMessages":[],"meta":{}},{"ancestorTitles":["[page] TestDashboardContent — [rendu]"],"fullName":"[page] TestDashboardContent — [rendu] affiche les deux colonnes Rendu et Accessibilité","status":"passed","title":"affiche les deux colonnes Rendu et Accessibilité","duration":17.923450000000003,"failureMessages":[],"meta":{}},{"ancestorTitles":["[page] TestDashboardContent — [rendu]"],"fullName":"[page] TestDashboardContent — [rendu] affiche la section couverture par scope","status":"passed","title":"affiche la section couverture par scope","duration":23.85530000000017,"failureMessages":[],"meta":{}},{"ancestorTitles":["[page] TestDashboardContent — [rendu]"],"fullName":"[page] TestDashboardContent — [rendu] affiche les scopes de couverture","status":"passed","title":"affiche les scopes de couverture","duration":16.11421900000005,"failureMessages":[],"meta":{}},{"ancestorTitles":["[page] TestDashboardContent — [interactions]"],"fullName":"[page] TestDashboardContent — [interactions] déplie un describe au clic","status":"passed","title":"déplie un describe au clic","duration":414.6555219999998,"failureMessages":[],"meta":{}},{"ancestorTitles":["[page] TestDashboardContent — [interactions]"],"fullName":"[page] TestDashboardContent — [interactions] referme un describe au second clic","status":"passed","title":"referme un describe au second clic","duration":216.209206,"failureMessages":[],"meta":{}},{"ancestorTitles":["[page] TestDashboardContent — [a11y]"],"fullName":"[page] TestDashboardContent — [a11y] n'a pas de violations (état chargé)","status":"passed","title":"n'a pas de violations (état chargé)","duration":523.82134,"failureMessages":[],"meta":{}}],"startTime":1774706763605,"endTime":1774706764979.8213,"status":"passed","message":"","name":"/home/runner/work/cv-portfolio/cv-portfolio/apps/web/src/pages/TestDashboard/TestDashboardContent.test.tsx"},{"assertionResults":[{"ancestorTitles":["[layout] Nav — [rendu]"],"fullName":"[layout] Nav — [rendu] affiche le logo","status":"passed","title":"affiche le logo","duration":63.303004999999985,"failureMessages":[],"meta":{}},{"ancestorTitles":["[layout] Nav — [rendu]"],"fullName":"[layout] Nav — [rendu] affiche les liens de navigation","status":"passed","title":"affiche les liens de navigation","duration":368.8567619999999,"failureMessages":[],"meta":{}},{"ancestorTitles":["[layout] Nav — [rendu]"],"fullName":"[layout] Nav — [rendu] affiche le bouton de langue","status":"passed","title":"affiche le bouton de langue","duration":83.93387199999984,"failureMessages":[],"meta":{}},{"ancestorTitles":["[layout] Nav — [rendu]"],"fullName":"[layout] Nav — [rendu] affiche le bouton de thème","status":"passed","title":"affiche le bouton de thème","duration":60.733518000000004,"failureMessages":[],"meta":{}},{"ancestorTitles":["[layout] Nav — [rendu]"],"fullName":"[layout] Nav — [rendu] affiche le bouton hamburger","status":"passed","title":"affiche le bouton hamburger","duration":47.473752000000104,"failureMessages":[],"meta":{}},{"ancestorTitles":["[layout] Nav — [interactions]"],"fullName":"[layout] Nav — [interactions] ouvre le menu au clic sur hamburger","status":"passed","title":"ouvre le menu au clic sur hamburger","duration":117.61996200000021,"failureMessages":[],"meta":{}},{"ancestorTitles":["[layout] Nav — [interactions]"],"fullName":"[layout] Nav — [interactions] ferme le menu avec Escape","status":"passed","title":"ferme le menu avec Escape","duration":106.6236100000001,"failureMessages":[],"meta":{}},{"ancestorTitles":["[layout] Nav — [interactions]"],"fullName":"[layout] Nav — [interactions] ferme le menu au clic sur un lien","status":"passed","title":"ferme le menu au clic sur un lien","duration":164.96848500000033,"failureMessages":[],"meta":{}},{"ancestorTitles":["[layout] Nav — [a11y]"],"fullName":"[layout] Nav — [a11y] n'a pas de violations (menu fermé)","status":"passed","title":"n'a pas de violations (menu fermé)","duration":223.136614,"failureMessages":[],"meta":{}},{"ancestorTitles":["[layout] Nav — [a11y]"],"fullName":"[layout] Nav — [a11y] n'a pas de violations (menu ouvert)","status":"passed","title":"n'a pas de violations (menu ouvert)","duration":203.7185340000001,"failureMessages":[],"meta":{}}],"startTime":1774706775282,"endTime":1774706776723.7185,"status":"passed","message":"","name":"/home/runner/work/cv-portfolio/cv-portfolio/apps/web/src/components/layout/Nav/Nav.test.tsx"},{"assertionResults":[{"ancestorTitles":["[layout] Footer — [rendu]"],"fullName":"[layout] Footer — [rendu] affiche le copyright","status":"passed","title":"affiche le copyright","duration":25.999176999999918,"failureMessages":[],"meta":{}},{"ancestorTitles":["[layout] Footer — [rendu]"],"fullName":"[layout] Footer — [rendu] affiche le lien GitHub","status":"passed","title":"affiche le lien GitHub","duration":4.848158000000012,"failureMessages":[],"meta":{}},{"ancestorTitles":["[layout] Footer — [rendu]"],"fullName":"[layout] Footer — [rendu] affiche le lien LinkedIn","status":"passed","title":"affiche le lien LinkedIn","duration":3.3564850000000206,"failureMessages":[],"meta":{}},{"ancestorTitles":["[layout] Footer — [rendu]"],"fullName":"[layout] Footer — [rendu] a le role contentinfo","status":"passed","title":"a le role contentinfo","duration":126.78664000000003,"failureMessages":[],"meta":{}},{"ancestorTitles":["[layout] Footer — [a11y]"],"fullName":"[layout] Footer — [a11y] n'a pas de violations d'accessibilité","status":"passed","title":"n'a pas de violations d'accessibilité","duration":140.58916999999997,"failureMessages":[],"meta":{}}],"startTime":1774706787140,"endTime":1774706787442.589,"status":"passed","message":"","name":"/home/runner/work/cv-portfolio/cv-portfolio/apps/web/src/components/layout/Footer/Footer.test.tsx"},{"assertionResults":[{"ancestorTitles":["[ui] A11yMenu — [rendu]"],"fullName":"[ui] A11yMenu — [rendu] affiche le bouton déclencheur","status":"passed","title":"affiche le bouton déclencheur","duration":264.073273,"failureMessages":[],"meta":{}},{"ancestorTitles":["[ui] A11yMenu — [rendu]"],"fullName":"[ui] A11yMenu — [rendu] le panel est fermé par défaut","status":"passed","title":"le panel est fermé par défaut","duration":4.217730000000074,"failureMessages":[],"meta":{}},{"ancestorTitles":["[ui] A11yMenu — [rendu]"],"fullName":"[ui] A11yMenu — [rendu] affiche les 4 switches quand ouvert","status":"passed","title":"affiche les 4 switches quand ouvert","duration":169.2011460000001,"failureMessages":[],"meta":{}},{"ancestorTitles":["[ui] A11yMenu — [rendu]"],"fullName":"[ui] A11yMenu — [rendu] les boutons de taille de police sont accessibles","status":"passed","title":"les boutons de taille de police sont accessibles","duration":150.8235830000001,"failureMessages":[],"meta":{}},{"ancestorTitles":["[ui] A11yMenu — [interactions]"],"fullName":"[ui] A11yMenu — [interactions] ouvre le panel au clic","status":"passed","title":"ouvre le panel au clic","duration":48.89813400000003,"failureMessages":[],"meta":{}},{"ancestorTitles":["[ui] A11yMenu — [interactions]"],"fullName":"[ui] A11yMenu — [interactions] ferme le panel avec le bouton fermer","status":"passed","title":"ferme le panel avec le bouton fermer","duration":118.18440599999985,"failureMessages":[],"meta":{}},{"ancestorTitles":["[ui] A11yMenu — [interactions]"],"fullName":"[ui] A11yMenu — [interactions] ferme le panel avec Escape","status":"passed","title":"ferme le panel avec Escape","duration":37.073153000000275,"failureMessages":[],"meta":{}},{"ancestorTitles":["[ui] A11yMenu — [interactions]"],"fullName":"[ui] A11yMenu — [interactions] toggle Police Dyslexie change aria-checked","status":"passed","title":"toggle Police Dyslexie change aria-checked","duration":197.02114699999993,"failureMessages":[],"meta":{}},{"ancestorTitles":["[ui] A11yMenu — [interactions]"],"fullName":"[ui] A11yMenu — [interactions] toggle Contraste élevé change aria-checked","status":"passed","title":"toggle Contraste élevé change aria-checked","duration":200.71860200000037,"failureMessages":[],"meta":{}},{"ancestorTitles":["[ui] A11yMenu — [interactions]"],"fullName":"[ui] A11yMenu — [interactions] affiche le bouton reset quand un paramètre est modifié","status":"passed","title":"affiche le bouton reset quand un paramètre est modifié","duration":289.06933400000025,"failureMessages":[],"meta":{}},{"ancestorTitles":["[ui] A11yMenu — [interactions]"],"fullName":"[ui] A11yMenu — [interactions] reset remet les switches à false","status":"passed","title":"reset remet les switches à false","duration":348.1384039999998,"failureMessages":[],"meta":{}},{"ancestorTitles":["[ui] A11yMenu — [a11y]"],"fullName":"[ui] A11yMenu — [a11y] n'a pas de violations (panel fermé)","status":"passed","title":"n'a pas de violations (panel fermé)","duration":80.67413100000022,"failureMessages":[],"meta":{}},{"ancestorTitles":["[ui] A11yMenu — [a11y]"],"fullName":"[ui] A11yMenu — [a11y] n'a pas de violations (panel ouvert)","status":"passed","title":"n'a pas de violations (panel ouvert)","duration":421.6552489999999,"failureMessages":[],"meta":{}}],"startTime":1774706766576,"endTime":1774706768906.6553,"status":"passed","message":"","name":"/home/runner/work/cv-portfolio/cv-portfolio/apps/web/src/components/ui/A11yMenu/A11yMenu.test.tsx"},{"assertionResults":[{"ancestorTitles":["[ui] Accordion — [rendu]"],"fullName":"[ui] Accordion — [rendu] affiche tous les titres","status":"passed","title":"affiche tous les titres","duration":40.05403100000012,"failureMessages":[],"meta":{}},{"ancestorTitles":["[ui] Accordion — [rendu]"],"fullName":"[ui] Accordion — [rendu] les panneaux sont fermés par défaut","status":"passed","title":"les panneaux sont fermés par défaut","duration":332.543504,"failureMessages":[],"meta":{}},{"ancestorTitles":["[ui] Accordion — [interactions]"],"fullName":"[ui] Accordion — [interactions] ouvre un panneau au clic","status":"passed","title":"ouvre un panneau au clic","duration":90.31859000000009,"failureMessages":[],"meta":{}},{"ancestorTitles":["[ui] Accordion — [interactions]"],"fullName":"[ui] Accordion — [interactions] ferme un panneau ouvert au second clic","status":"passed","title":"ferme un panneau ouvert au second clic","duration":120.91149600000017,"failureMessages":[],"meta":{}},{"ancestorTitles":["[ui] Accordion — [interactions]"],"fullName":"[ui] Accordion — [interactions] ferme le précédent quand allowMultiple=false","status":"passed","title":"ferme le précédent quand allowMultiple=false","duration":143.15455299999985,"failureMessages":[],"meta":{}},{"ancestorTitles":["[ui] Accordion — [interactions]"],"fullName":"[ui] Accordion — [interactions] garde plusieurs ouverts si allowMultiple=true","status":"passed","title":"garde plusieurs ouverts si allowMultiple=true","duration":99.08394100000032,"failureMessages":[],"meta":{}},{"ancestorTitles":["[ui] Accordion — [interactions]"],"fullName":"[ui] Accordion — [interactions] navigation clavier avec ArrowDown","status":"passed","title":"navigation clavier avec ArrowDown","duration":17.992690999999922,"failureMessages":[],"meta":{}},{"ancestorTitles":["[ui] Accordion — [interactions]"],"fullName":"[ui] Accordion — [interactions] navigation clavier avec ArrowUp","status":"passed","title":"navigation clavier avec ArrowUp","duration":14.52424400000018,"failureMessages":[],"meta":{}},{"ancestorTitles":["[ui] Accordion — [a11y]"],"fullName":"[ui] Accordion — [a11y] n'a pas de violations (fermé)","status":"passed","title":"n'a pas de violations (fermé)","duration":263.1172899999997,"failureMessages":[],"meta":{}},{"ancestorTitles":["[ui] Accordion — [a11y]"],"fullName":"[ui] Accordion — [a11y] n'a pas de violations (ouvert)","status":"passed","title":"n'a pas de violations (ouvert)","duration":225.89821999999958,"failureMessages":[],"meta":{}}],"startTime":1774706766714,"endTime":1774706768061.8982,"status":"passed","message":"","name":"/home/runner/work/cv-portfolio/cv-portfolio/apps/web/src/components/ui/Accordion/Accordion.test.tsx"},{"assertionResults":[{"ancestorTitles":["[ui] Button — [rendu]"],"fullName":"[ui] Button — [rendu] affiche le contenu enfant","status":"passed","title":"affiche le contenu enfant","duration":224.11791500000004,"failureMessages":[],"meta":{}},{"ancestorTitles":["[ui] Button — [rendu]"],"fullName":"[ui] Button — [rendu] applique la variante primary par défaut","status":"passed","title":"applique la variante primary par défaut","duration":40.49944299999993,"failureMessages":[],"meta":{}},{"ancestorTitles":["[ui] Button — [rendu]"],"fullName":"[ui] Button — [rendu] applique la variante secondary","status":"passed","title":"applique la variante secondary","duration":39.36344200000008,"failureMessages":[],"meta":{}},{"ancestorTitles":["[ui] Button — [rendu]"],"fullName":"[ui] Button — [rendu] est désactivé avec disabled","status":"passed","title":"est désactivé avec disabled","duration":50.66476200000011,"failureMessages":[],"meta":{}},{"ancestorTitles":["[ui] Button — [rendu]"],"fullName":"[ui] Button — [rendu] déclenche onClick au clic","status":"passed","title":"déclenche onClick au clic","duration":34.2184450000002,"failureMessages":[],"meta":{}},{"ancestorTitles":["[ui] Button — [rendu]"],"fullName":"[ui] Button — [rendu] ne déclenche pas onClick si disabled","status":"passed","title":"ne déclenche pas onClick si disabled","duration":28.955142999999907,"failureMessages":[],"meta":{}},{"ancestorTitles":["[ui] Button — [rendu]"],"fullName":"[ui] Button — [rendu] rend un <a> quand as='a'","status":"passed","title":"rend un <a> quand as='a'","duration":20.627667999999858,"failureMessages":[],"meta":{}},{"ancestorTitles":["[ui] Button — [rendu]"],"fullName":"[ui] Button — [rendu] applique la variante secondary sur <a>","status":"passed","title":"applique la variante secondary sur <a>","duration":17.695359000000053,"failureMessages":[],"meta":{}},{"ancestorTitles":["[ui] Button — [a11y]"],"fullName":"[ui] Button — [a11y] n'a pas de violations (primary)","status":"passed","title":"n'a pas de violations (primary)","duration":40.972442999999885,"failureMessages":[],"meta":{}},{"ancestorTitles":["[ui] Button — [a11y]"],"fullName":"[ui] Button — [a11y] n'a pas de violations (secondary)","status":"passed","title":"n'a pas de violations (secondary)","duration":33.100674000000026,"failureMessages":[],"meta":{}},{"ancestorTitles":["[ui] Button — [a11y]"],"fullName":"[ui] Button — [a11y] n'a pas de violations (disabled)","status":"passed","title":"n'a pas de violations (disabled)","duration":41.69705399999998,"failureMessages":[],"meta":{}},{"ancestorTitles":["[ui] Button — [a11y]"],"fullName":"[ui] Button — [a11y] n'a pas de violations (as=a)","status":"passed","title":"n'a pas de violations (as=a)","duration":44.74908899999991,"failureMessages":[],"meta":{}}],"startTime":1774706776389,"endTime":1774706777006.749,"status":"passed","message":"","name":"/home/runner/work/cv-portfolio/cv-portfolio/apps/web/src/components/ui/Button/Button.test.tsx"},{"assertionResults":[{"ancestorTitles":["[ui] Modal — [rendu]"],"fullName":"[ui] Modal — [rendu] ne s'affiche pas si isOpen=false","status":"passed","title":"ne s'affiche pas si isOpen=false","duration":24.082350000000133,"failureMessages":[],"meta":{}},{"ancestorTitles":["[ui] Modal — [rendu]"],"fullName":"[ui] Modal — [rendu] s'affiche si isOpen=true","status":"passed","title":"s'affiche si isOpen=true","duration":181.6105460000001,"failureMessages":[],"meta":{}},{"ancestorTitles":["[ui] Modal — [rendu]"],"fullName":"[ui] Modal — [rendu] affiche le titre correctement","status":"passed","title":"affiche le titre correctement","duration":11.227764999999863,"failureMessages":[],"meta":{}},{"ancestorTitles":["[ui] Modal — [rendu]"],"fullName":"[ui] Modal — [rendu] a les attributs ARIA corrects","status":"passed","title":"a les attributs ARIA corrects","duration":60.046939000000066,"failureMessages":[],"meta":{}},{"ancestorTitles":["[ui] Modal — [interactions]"],"fullName":"[ui] Modal — [interactions] appelle onClose au clic sur le bouton fermer","status":"passed","title":"appelle onClose au clic sur le bouton fermer","duration":80.60657399999991,"failureMessages":[],"meta":{}},{"ancestorTitles":["[ui] Modal — [interactions]"],"fullName":"[ui] Modal — [interactions] appelle onClose sur la touche Escape","status":"passed","title":"appelle onClose sur la touche Escape","duration":7.971772999999985,"failureMessages":[],"meta":{}},{"ancestorTitles":["[ui] Modal — [a11y]"],"fullName":"[ui] Modal — [a11y] n'a pas de violations (ouverte)","status":"passed","title":"n'a pas de violations (ouverte)","duration":55.86955400000011,"failureMessages":[],"meta":{}}],"startTime":1774706782757,"endTime":1774706783178.8696,"status":"passed","message":"","name":"/home/runner/work/cv-portfolio/cv-portfolio/apps/web/src/components/ui/Modal/Modal.test.tsx"},{"assertionResults":[{"ancestorTitles":["[ui] Tag — [rendu]"],"fullName":"[ui] Tag — [rendu] affiche le label correctement","status":"passed","title":"affiche le label correctement","duration":29.517654999999877,"failureMessages":[],"meta":{}},{"ancestorTitles":["[ui] Tag — [rendu]"],"fullName":"[ui] Tag — [rendu] a le role listitem pour l'accessibilité","status":"passed","title":"a le role listitem pour l'accessibilité","duration":182.19102299999986,"failureMessages":[],"meta":{}},{"ancestorTitles":["[ui] Tag — [rendu]"],"fullName":"[ui] Tag — [rendu] applique la variante par défaut coral","status":"passed","title":"applique la variante par défaut coral","duration":3.5150280000000294,"failureMessages":[],"meta":{}},{"ancestorTitles":["[ui] Tag — [rendu]"],"fullName":"[ui] Tag — [rendu] applique la variante sage","status":"passed","title":"applique la variante sage","duration":4.20035699999994,"failureMessages":[],"meta":{}},{"ancestorTitles":["[ui] Tag — [a11y]"],"fullName":"[ui] Tag — [a11y] n'a pas de violations","status":"passed","title":"n'a pas de violations","duration":98.55428699999993,"failureMessages":[],"meta":{}}],"startTime":1774706785775,"endTime":1774706786093.5542,"status":"passed","message":"","name":"/home/runner/work/cv-portfolio/cv-portfolio/apps/web/src/components/ui/Tag/Tag.test.tsx"},{"assertionResults":[{"ancestorTitles":["[ui] Toast — [rendu]"],"fullName":"[ui] Toast — [rendu] n'affiche rien si la liste est vide","status":"passed","title":"n'affiche rien si la liste est vide","duration":23.621586999999863,"failureMessages":[],"meta":{}},{"ancestorTitles":["[ui] Toast — [rendu]"],"fullName":"[ui] Toast — [rendu] affiche les toasts correctement","status":"passed","title":"affiche les toasts correctement","duration":195.83432900000003,"failureMessages":[],"meta":{}},{"ancestorTitles":["[ui] Toast — [rendu]"],"fullName":"[ui] Toast — [rendu] a les attributs aria corrects","status":"passed","title":"a les attributs aria corrects","duration":52.21397499999989,"failureMessages":[],"meta":{}},{"ancestorTitles":["[ui] Toast — [interactions]"],"fullName":"[ui] Toast — [interactions] appelle onRemove au clic sur fermer","status":"passed","title":"appelle onRemove au clic sur fermer","duration":61.29996900000015,"failureMessages":[],"meta":{}},{"ancestorTitles":["[ui] Toast — [interactions]"],"fullName":"[ui] Toast — [interactions] se ferme automatiquement après la durée","status":"passed","title":"se ferme automatiquement après la durée","duration":4.59466499999985,"failureMessages":[],"meta":{}},{"ancestorTitles":["[ui] Toast — [a11y]"],"fullName":"[ui] Toast — [a11y] n'a pas de violations","status":"passed","title":"n'a pas de violations","duration":35.660008999999945,"failureMessages":[],"meta":{}}],"startTime":1774706780943,"endTime":1774706781316.66,"status":"passed","message":"","name":"/home/runner/work/cv-portfolio/cv-portfolio/apps/web/src/components/ui/Toast/Toast.test.tsx"},{"assertionResults":[{"ancestorTitles":["[section] Contact — [rendu]"],"fullName":"[section] Contact — [rendu] affiche le titre et la description","status":"passed","title":"affiche le titre et la description","duration":294.99682299999995,"failureMessages":[],"meta":{}},{"ancestorTitles":["[section] Contact — [rendu]"],"fullName":"[section] Contact — [rendu] affiche les champs du formulaire","status":"passed","title":"affiche les champs du formulaire","duration":25.608709999999974,"failureMessages":[],"meta":{}},{"ancestorTitles":["[section] Contact — [rendu]"],"fullName":"[section] Contact — [rendu] le bouton submit est accessible","status":"passed","title":"le bouton submit est accessible","duration":76.4231729999999,"failureMessages":[],"meta":{}},{"ancestorTitles":["[section] Contact — [interactions]"],"fullName":"[section] Contact — [interactions] affiche les erreurs si soumis vide","status":"passed","title":"affiche les erreurs si soumis vide","duration":80.47252300000014,"failureMessages":[],"meta":{}},{"ancestorTitles":["[section] Contact — [interactions]"],"fullName":"[section] Contact — [interactions] valide l'email au blur","status":"passed","title":"valide l'email au blur","duration":181.03266699999995,"failureMessages":[],"meta":{}},{"ancestorTitles":["[section] Contact — [a11y]"],"fullName":"[section] Contact — [a11y] n'a pas de violations d'accessibilité","status":"passed","title":"n'a pas de violations d'accessibilité","duration":600.6060769999999,"failureMessages":[],"meta":{}}],"startTime":1774706781167,"endTime":1774706782426.606,"status":"passed","message":"","name":"/home/runner/work/cv-portfolio/cv-portfolio/apps/web/src/components/sections/Contact/Contact.test.tsx"},{"assertionResults":[{"ancestorTitles":["[section] Education — [rendu]"],"fullName":"[section] Education — [rendu] affiche le titre de la section","status":"passed","title":"affiche le titre de la section","duration":281.014915,"failureMessages":[],"meta":{}},{"ancestorTitles":["[section] Education — [rendu]"],"fullName":"[section] Education — [rendu] affiche la liste des formations","status":"passed","title":"affiche la liste des formations","duration":81.924125,"failureMessages":[],"meta":{}},{"ancestorTitles":["[section] Education — [rendu]"],"fullName":"[section] Education — [rendu] affiche autant de cartes que de formations","status":"passed","title":"affiche autant de cartes que de formations","duration":86.08580800000004,"failureMessages":[],"meta":{}},{"ancestorTitles":["[section] Education — [rendu]"],"fullName":"[section] Education — [rendu] chaque formation a un aria-label accessible","status":"passed","title":"chaque formation a un aria-label accessible","duration":98.93239600000015,"failureMessages":[],"meta":{}},{"ancestorTitles":["[section] Education — [rendu]"],"fullName":"[section] Education — [rendu] chaque formation affiche son année","status":"passed","title":"chaque formation affiche son année","duration":16.599171999999953,"failureMessages":[],"meta":{}},{"ancestorTitles":["[section] Education — [rendu]"],"fullName":"[section] Education — [rendu] affiche les diplômes via clés i18n","status":"passed","title":"affiche les diplômes via clés i18n","duration":21.907382000000098,"failureMessages":[],"meta":{}},{"ancestorTitles":["[section] Education — [rendu]"],"fullName":"[section] Education — [rendu] affiche le titre Langues","status":"passed","title":"affiche le titre Langues","duration":49.399275000000216,"failureMessages":[],"meta":{}},{"ancestorTitles":["[section] Education — [rendu]"],"fullName":"[section] Education — [rendu] affiche les noms des langues via clés i18n","status":"passed","title":"affiche les noms des langues via clés i18n","duration":14.181479000000309,"failureMessages":[],"meta":{}},{"ancestorTitles":["[section] Education — [rendu]"],"fullName":"[section] Education — [rendu] affiche les niveaux via clés i18n","status":"passed","title":"affiche les niveaux via clés i18n","duration":15.24625799999967,"failureMessages":[],"meta":{}},{"ancestorTitles":["[section] Education — [a11y]"],"fullName":"[section] Education — [a11y] n'a pas de violations d'accessibilité","status":"passed","title":"n'a pas de violations d'accessibilité","duration":412.86466999999993,"failureMessages":[],"meta":{}}],"startTime":1774706772819,"endTime":1774706773897.8647,"status":"passed","message":"","name":"/home/runner/work/cv-portfolio/cv-portfolio/apps/web/src/components/sections/Education/Education.test.tsx"},{"assertionResults":[{"ancestorTitles":["[section] Experiences — [rendu]"],"fullName":"[section] Experiences — [rendu] affiche le titre de la section","status":"passed","title":"affiche le titre de la section","duration":287.074789,"failureMessages":[],"meta":{}},{"ancestorTitles":["[section] Experiences — [rendu]"],"fullName":"[section] Experiences — [rendu] affiche la liste des expériences","status":"passed","title":"affiche la liste des expériences","duration":165.46819000000005,"failureMessages":[],"meta":{}},{"ancestorTitles":["[section] Experiences — [rendu]"],"fullName":"[section] Experiences — [rendu] affiche les 3 expériences","status":"passed","title":"affiche les 3 expériences","duration":21.28971200000001,"failureMessages":[],"meta":{}},{"ancestorTitles":["[section] Experiences — [rendu]"],"fullName":"[section] Experiences — [rendu] affiche les rôles via clés i18n","status":"passed","title":"affiche les rôles via clés i18n","duration":20.47599799999989,"failureMessages":[],"meta":{}},{"ancestorTitles":["[section] Experiences — [rendu]"],"fullName":"[section] Experiences — [rendu] affiche les descriptions via clés i18n","status":"passed","title":"affiche les descriptions via clés i18n","duration":23.121744000000035,"failureMessages":[],"meta":{}},{"ancestorTitles":["[section] Experiences — [a11y]"],"fullName":"[section] Experiences — [a11y] n'a pas de violations d'accessibilité","status":"passed","title":"n'a pas de violations d'accessibilité","duration":760.3292170000002,"failureMessages":[],"meta":{}}],"startTime":1774706778294,"endTime":1774706779575.329,"status":"passed","message":"","name":"/home/runner/work/cv-portfolio/cv-portfolio/apps/web/src/components/sections/Experiences/Experiences.test.tsx"},{"assertionResults":[{"ancestorTitles":["[section] Playground — [rendu]"],"fullName":"[section] Playground — [rendu] affiche le titre de la section","status":"passed","title":"affiche le titre de la section","duration":306.269988,"failureMessages":[],"meta":{}},{"ancestorTitles":["[section] Playground — [rendu]"],"fullName":"[section] Playground — [rendu] affiche les 3 cards","status":"passed","title":"affiche les 3 cards","duration":28.12110299999995,"failureMessages":[],"meta":{}},{"ancestorTitles":["[section] Playground — [rendu]"],"fullName":"[section] Playground — [rendu] affiche les boutons toast","status":"passed","title":"affiche les boutons toast","duration":341.87708999999995,"failureMessages":[],"meta":{}},{"ancestorTitles":["[section] Playground — [rendu]"],"fullName":"[section] Playground — [rendu] affiche les items de l'accordion","status":"passed","title":"affiche les items de l'accordion","duration":21.226427000000058,"failureMessages":[],"meta":{}},{"ancestorTitles":["[section] Playground — [interactions]"],"fullName":"[section] Playground — [interactions] ouvre la modal au clic sur le bouton démo","status":"passed","title":"ouvre la modal au clic sur le bouton démo","duration":229.11673900000005,"failureMessages":[],"meta":{}},{"ancestorTitles":["[section] Playground — [interactions]"],"fullName":"[section] Playground — [interactions] ferme la modal avec le bouton de fermeture","status":"passed","title":"ferme la modal avec le bouton de fermeture","duration":405.711863,"failureMessages":[],"meta":{}},{"ancestorTitles":["[section] Playground — [interactions]"],"fullName":"[section] Playground — [interactions] un clic sur un toast success crée une notification","status":"passed","title":"un clic sur un toast success crée une notification","duration":234.18614100000013,"failureMessages":[],"meta":{}},{"ancestorTitles":["[section] Playground — [a11y]"],"fullName":"[section] Playground — [a11y] n'a pas de violations d'accessibilité","status":"passed","title":"n'a pas de violations d'accessibilité","duration":734.3731090000001,"failureMessages":[],"meta":{}}],"startTime":1774706772653,"endTime":1774706774954.373,"status":"passed","message":"","name":"/home/runner/work/cv-portfolio/cv-portfolio/apps/web/src/components/sections/Playground/Playground.test.tsx"},{"assertionResults":[{"ancestorTitles":["[section] Hero — [rendu]"],"fullName":"[section] Hero — [rendu] affiche le prénom et nom","status":"passed","title":"affiche le prénom et nom","duration":78.95030399999996,"failureMessages":[],"meta":{}},{"ancestorTitles":["[section] Hero — [rendu]"],"fullName":"[section] Hero — [rendu] affiche le titre du poste","status":"passed","title":"affiche le titre du poste","duration":28.400530000000117,"failureMessages":[],"meta":{}},{"ancestorTitles":["[section] Hero — [rendu]"],"fullName":"[section] Hero — [rendu] affiche le résumé","status":"passed","title":"affiche le résumé","duration":11.263668999999936,"failureMessages":[],"meta":{}},{"ancestorTitles":["[section] Hero — [rendu]"],"fullName":"[section] Hero — [rendu] affiche la photo de profil","status":"passed","title":"affiche la photo de profil","duration":14.808150999999953,"failureMessages":[],"meta":{}},{"ancestorTitles":["[section] Hero — [rendu]"],"fullName":"[section] Hero — [rendu] contient les liens CTA","status":"passed","title":"contient les liens CTA","duration":265.161834,"failureMessages":[],"meta":{}},{"ancestorTitles":["[section] Hero — [rendu]"],"fullName":"[section] Hero — [rendu] affiche les stats en chiffres","status":"passed","title":"affiche les stats en chiffres","duration":25.949284999999918,"failureMessages":[],"meta":{}},{"ancestorTitles":["[section] Hero — [a11y]"],"fullName":"[section] Hero — [a11y] n'a pas de violations d'accessibilité","status":"passed","title":"n'a pas de violations d'accessibilité","duration":577.1886010000001,"failureMessages":[],"meta":{}}],"startTime":1774706783127,"endTime":1774706784130.1887,"status":"passed","message":"","name":"/home/runner/work/cv-portfolio/cv-portfolio/apps/web/src/components/sections/Hero/Hero.test.tsx"},{"assertionResults":[{"ancestorTitles":["[section] Projects — [rendu]"],"fullName":"[section] Projects — [rendu] affiche l'eyebrow","status":"passed","title":"affiche l'eyebrow","duration":109.37594899999999,"failureMessages":[],"meta":{}},{"ancestorTitles":["[section] Projects — [rendu]"],"fullName":"[section] Projects — [rendu] affiche le titre de section","status":"passed","title":"affiche le titre de section","duration":253.500726,"failureMessages":[],"meta":{}},{"ancestorTitles":["[section] Projects — [rendu]"],"fullName":"[section] Projects — [rendu] affiche le sous-titre","status":"passed","title":"affiche le sous-titre","duration":27.361039999999775,"failureMessages":[],"meta":{}},{"ancestorTitles":["[section] Projects — [rendu]"],"fullName":"[section] Projects — [rendu] affiche les 2 projets","status":"passed","title":"affiche les 2 projets","duration":160.27921700000024,"failureMessages":[],"meta":{}},{"ancestorTitles":["[section] Projects — [rendu]"],"fullName":"[section] Projects — [rendu] affiche les tags technos","status":"passed","title":"affiche les tags technos","duration":20.26510700000017,"failureMessages":[],"meta":{}},{"ancestorTitles":["[section] Projects — [rendu]"],"fullName":"[section] Projects — [rendu] affiche les liens externes","status":"passed","title":"affiche les liens externes","duration":28.4409840000003,"failureMessages":[],"meta":{}},{"ancestorTitles":["[section] Projects — [interactions]"],"fullName":"[section] Projects — [interactions] ouvre le drawer au clic sur Tactileo","status":"passed","title":"ouvre le drawer au clic sur Tactileo","duration":183.127301,"failureMessages":[],"meta":{}},{"ancestorTitles":["[section] Projects — [interactions]"],"fullName":"[section] Projects — [interactions] ouvre le bon projet dans le drawer","status":"passed","title":"ouvre le bon projet dans le drawer","duration":164.87103399999978,"failureMessages":[],"meta":{}},{"ancestorTitles":["[section] Projects — [interactions]"],"fullName":"[section] Projects — [interactions] ferme le drawer avec le bouton fermer","status":"passed","title":"ferme le drawer avec le bouton fermer","duration":248.50812099999985,"failureMessages":[],"meta":{}},{"ancestorTitles":["[section] Projects — [interactions]"],"fullName":"[section] Projects — [interactions] ferme le drawer avec Escape","status":"passed","title":"ferme le drawer avec Escape","duration":96.99954799999978,"failureMessages":[],"meta":{}},{"ancestorTitles":["[section] Projects — [a11y]"],"fullName":"[section] Projects — [a11y] la section a un aria-labelledby","status":"passed","title":"la section a un aria-labelledby","duration":24.098989999999958,"failureMessages":[],"meta":{}},{"ancestorTitles":["[section] Projects — [a11y]"],"fullName":"[section] Projects — [a11y] les liens externes ont rel=noopener noreferrer","status":"passed","title":"les liens externes ont rel=noopener noreferrer","duration":119.59289899999976,"failureMessages":[],"meta":{}},{"ancestorTitles":["[section] Projects — [a11y]"],"fullName":"[section] Projects — [a11y] n'a pas de violations axe-core","status":"passed","title":"n'a pas de violations axe-core","duration":718.4790929999999,"failureMessages":[],"meta":{}}],"startTime":1774706769200,"endTime":1774706771355.479,"status":"passed","message":"","name":"/home/runner/work/cv-portfolio/cv-portfolio/apps/web/src/components/sections/Projects/Projects.test.tsx"},{"assertionResults":[{"ancestorTitles":["[section] Skills — [rendu]"],"fullName":"[section] Skills — [rendu] affiche le titre","status":"passed","title":"affiche le titre","duration":301.30255599999987,"failureMessages":[],"meta":{}},{"ancestorTitles":["[section] Skills — [rendu]"],"fullName":"[section] Skills — [rendu] affiche la grille de compétences","status":"passed","title":"affiche la grille de compétences","duration":28.970096000000012,"failureMessages":[],"meta":{}},{"ancestorTitles":["[section] Skills — [rendu]"],"fullName":"[section] Skills — [rendu] affiche les titres de catégories","status":"passed","title":"affiche les titres de catégories","duration":153.5988789999999,"failureMessages":[],"meta":{}},{"ancestorTitles":["[section] Skills — [rendu]"],"fullName":"[section] Skills — [rendu] affiche les chips de compétences","status":"passed","title":"affiche les chips de compétences","duration":225.24300599999992,"failureMessages":[],"meta":{}},{"ancestorTitles":["[section] Skills — [a11y]"],"fullName":"[section] Skills — [a11y] n'a pas de violations d'accessibilité","status":"passed","title":"n'a pas de violations d'accessibilité","duration":728.157764,"failureMessages":[],"meta":{}}],"startTime":1774706784978,"endTime":1774706786416.1577,"status":"passed","message":"","name":"/home/runner/work/cv-portfolio/cv-portfolio/apps/web/src/components/sections/Skills/Skills.test.tsx"},{"assertionResults":[{"ancestorTitles":["[ui] AgentCard — [rendu]"],"fullName":"[ui] AgentCard — [rendu] affiche le titre et la description","status":"passed","title":"affiche le titre et la description","duration":35.60700700000007,"failureMessages":[],"meta":{}},{"ancestorTitles":["[ui] AgentCard — [rendu]"],"fullName":"[ui] AgentCard — [rendu] affiche le message vide en mode chat","status":"passed","title":"affiche le message vide en mode chat","duration":8.50360999999998,"failureMessages":[],"meta":{}},{"ancestorTitles":["[ui] AgentCard — [rendu]"],"fullName":"[ui] AgentCard — [rendu] affiche le bouton toggle technique","status":"passed","title":"affiche le bouton toggle technique","duration":282.9468989999998,"failureMessages":[],"meta":{}},{"ancestorTitles":["[ui] AgentCard — [rendu]"],"fullName":"[ui] AgentCard — [rendu] applique la classe visible quand visible=true","status":"passed","title":"applique la classe visible quand visible=true","duration":6.793660999999702,"failureMessages":[],"meta":{}},{"ancestorTitles":["[ui] AgentCard — [rendu]"],"fullName":"[ui] AgentCard — [rendu] n'applique pas la classe visible quand visible=false","status":"passed","title":"n'applique pas la classe visible quand visible=false","duration":7.604976999999963,"failureMessages":[],"meta":{}},{"ancestorTitles":["[ui] AgentCard — [interactions]"],"fullName":"[ui] AgentCard — [interactions] envoie un message et affiche la réponse","status":"passed","title":"envoie un message et affiche la réponse","duration":161.68093999999974,"failureMessages":[],"meta":{}},{"ancestorTitles":["[ui] AgentCard — [interactions]"],"fullName":"[ui] AgentCard — [interactions] envoie le message avec la touche Entrée","status":"passed","title":"envoie le message avec la touche Entrée","duration":54.493013999999675,"failureMessages":[],"meta":{}},{"ancestorTitles":["[ui] AgentCard — [interactions]"],"fullName":"[ui] AgentCard — [interactions] ne soumet pas avec Shift+Entrée","status":"passed","title":"ne soumet pas avec Shift+Entrée","duration":55.031536999999844,"failureMessages":[],"meta":{}},{"ancestorTitles":["[ui] AgentCard — [interactions]"],"fullName":"[ui] AgentCard — [interactions] désactive le bouton envoyer quand l'input est vide","status":"passed","title":"désactive le bouton envoyer quand l'input est vide","duration":62.918576999999914,"failureMessages":[],"meta":{}},{"ancestorTitles":["[ui] AgentCard — [interactions]"],"fullName":"[ui] AgentCard — [interactions] affiche une erreur si l'API échoue","status":"passed","title":"affiche une erreur si l'API échoue","duration":98.38895400000001,"failureMessages":[],"meta":{}},{"ancestorTitles":["[ui] AgentCard — [interactions]"],"fullName":"[ui] AgentCard — [interactions] affiche une erreur réseau si fetch échoue","status":"passed","title":"affiche une erreur réseau si fetch échoue","duration":105.14542200000005,"failureMessages":[],"meta":{}},{"ancestorTitles":["[ui] AgentCard — [interactions]"],"fullName":"[ui] AgentCard — [interactions] affiche et masque le panel technique au toggle","status":"passed","title":"affiche et masque le panel technique au toggle","duration":47.70945299999994,"failureMessages":[],"meta":{}},{"ancestorTitles":["[ui] AgentCard — [a11y]"],"fullName":"[ui] AgentCard — [a11y] n'a pas de violations d'accessibilité — état initial","status":"passed","title":"n'a pas de violations d'accessibilité — état initial","duration":229.80251199999975,"failureMessages":[],"meta":{}},{"ancestorTitles":["[ui] AgentCard — [a11y]"],"fullName":"[ui] AgentCard — [a11y] n'a pas de violations d'accessibilité — panel technique ouvert","status":"passed","title":"n'a pas de violations d'accessibilité — panel technique ouvert","duration":261.0173810000001,"failureMessages":[],"meta":{}},{"ancestorTitles":["[ui] AgentCard — [a11y]"],"fullName":"[ui] AgentCard — [a11y] n'a pas de violations après réception d'une réponse","status":"passed","title":"n'a pas de violations après réception d'une réponse","duration":300.51320699999997,"failureMessages":[],"meta":{}}],"startTime":1774706763623,"endTime":1774706765342.5132,"status":"passed","message":"","name":"/home/runner/work/cv-portfolio/cv-portfolio/apps/web/src/components/sections/Playground/AgentCard/AgentCard.test.tsx"},{"assertionResults":[{"ancestorTitles":["[section] ArchDiagram — [rendu]"],"fullName":"[section] ArchDiagram — [rendu] affiche le bouton déclencheur","status":"passed","title":"affiche le bouton déclencheur","duration":195.71426199999996,"failureMessages":[],"meta":{}},{"ancestorTitles":["[section] ArchDiagram — [rendu]"],"fullName":"[section] ArchDiagram — [rendu] le panel est fermé par défaut","status":"passed","title":"le panel est fermé par défaut","duration":5.698327999999947,"failureMessages":[],"meta":{}},{"ancestorTitles":["[section] ArchDiagram — [rendu]"],"fullName":"[section] ArchDiagram — [rendu] affiche les 3 onglets dans ArchDiagramContent","status":"passed","title":"affiche les 3 onglets dans ArchDiagramContent","duration":129.32251100000008,"failureMessages":[],"meta":{}},{"ancestorTitles":["[section] ArchDiagram — [rendu]"],"fullName":"[section] ArchDiagram — [rendu] l'onglet Couches est actif par défaut","status":"passed","title":"l'onglet Couches est actif par défaut","duration":91.20889599999987,"failureMessages":[],"meta":{}},{"ancestorTitles":["[section] ArchDiagram — [rendu]"],"fullName":"[section] ArchDiagram — [rendu] affiche les 4 couches","status":"passed","title":"affiche les 4 couches","duration":38.244024999999965,"failureMessages":[],"meta":{}},{"ancestorTitles":["[section] ArchDiagram — [interactions]"],"fullName":"[section] ArchDiagram — [interactions] ouvre le panel au clic","status":"passed","title":"ouvre le panel au clic","duration":80.31652500000018,"failureMessages":[],"meta":{}},{"ancestorTitles":["[section] ArchDiagram — [interactions]"],"fullName":"[section] ArchDiagram — [interactions] affiche le titre dans le panel","status":"passed","title":"affiche le titre dans le panel","duration":44.50200199999995,"failureMessages":[],"meta":{}},{"ancestorTitles":["[section] ArchDiagram — [interactions]"],"fullName":"[section] ArchDiagram — [interactions] ferme le panel avec le bouton fermer","status":"passed","title":"ferme le panel avec le bouton fermer","duration":67.60985400000027,"failureMessages":[],"meta":{}},{"ancestorTitles":["[section] ArchDiagram — [interactions]"],"fullName":"[section] ArchDiagram — [interactions] switch vers l'onglet Structure","status":"passed","title":"switch vers l'onglet Structure","duration":88.39961200000016,"failureMessages":[],"meta":{}},{"ancestorTitles":["[section] ArchDiagram — [interactions]"],"fullName":"[section] ArchDiagram — [interactions] switch vers l'onglet Flux","status":"passed","title":"switch vers l'onglet Flux","duration":103.94495600000027,"failureMessages":[],"meta":{}},{"ancestorTitles":["[section] ArchDiagram — [a11y]"],"fullName":"[section] ArchDiagram — [a11y] les tabs ont un tablist parent","status":"passed","title":"les tabs ont un tablist parent","duration":30.000935000000027,"failureMessages":[],"meta":{}},{"ancestorTitles":["[section] ArchDiagram — [a11y]"],"fullName":"[section] ArchDiagram — [a11y] un seul tab est actif à la fois","status":"passed","title":"un seul tab est actif à la fois","duration":110.96881899999971,"failureMessages":[],"meta":{}}],"startTime":1774706771793,"endTime":1774706772779.9688,"status":"passed","message":"","name":"/home/runner/work/cv-portfolio/cv-portfolio/apps/web/src/components/sections/Projects/ArchDiagram/ArchDiagram.test.tsx"},{"assertionResults":[{"ancestorTitles":["[section] BrainBoostArchiContent — [rendu]"],"fullName":"[section] BrainBoostArchiContent — [rendu] affiche les 2 onglets","status":"passed","title":"affiche les 2 onglets","duration":315.2466099999999,"failureMessages":[],"meta":{}},{"ancestorTitles":["[section] BrainBoostArchiContent — [rendu]"],"fullName":"[section] BrainBoostArchiContent — [rendu] l'onglet Couches est actif par défaut","status":"passed","title":"l'onglet Couches est actif par défaut","duration":88.49261700000011,"failureMessages":[],"meta":{}},{"ancestorTitles":["[section] BrainBoostArchiContent — [rendu]"],"fullName":"[section] BrainBoostArchiContent — [rendu] affiche les 4 couches par défaut","status":"passed","title":"affiche les 4 couches par défaut","duration":23.679660000000013,"failureMessages":[],"meta":{}},{"ancestorTitles":["[section] BrainBoostArchiContent — [rendu]"],"fullName":"[section] BrainBoostArchiContent — [rendu] n'affiche pas le flux IA par défaut","status":"passed","title":"n'affiche pas le flux IA par défaut","duration":12.52476999999999,"failureMessages":[],"meta":{}},{"ancestorTitles":["[section] BrainBoostArchiContent — [interactions]"],"fullName":"[section] BrainBoostArchiContent — [interactions] switch vers l'onglet Flux IA","status":"passed","title":"switch vers l'onglet Flux IA","duration":117.15582500000005,"failureMessages":[],"meta":{}},{"ancestorTitles":["[section] BrainBoostArchiContent — [interactions]"],"fullName":"[section] BrainBoostArchiContent — [interactions] affiche les étapes du flux IA après switch","status":"passed","title":"affiche les étapes du flux IA après switch","duration":70.54417399999988,"failureMessages":[],"meta":{}},{"ancestorTitles":["[section] BrainBoostArchiContent — [interactions]"],"fullName":"[section] BrainBoostArchiContent — [interactions] masque les couches après switch vers Flux IA","status":"passed","title":"masque les couches après switch vers Flux IA","duration":66.2766630000001,"failureMessages":[],"meta":{}},{"ancestorTitles":["[section] BrainBoostArchiContent — [interactions]"],"fullName":"[section] BrainBoostArchiContent — [interactions] un seul onglet actif à la fois","status":"passed","title":"un seul onglet actif à la fois","duration":120.16176799999994,"failureMessages":[],"meta":{}},{"ancestorTitles":["[section] BrainBoostArchiContent — [a11y]"],"fullName":"[section] BrainBoostArchiContent — [a11y] les tabs ont un tablist parent","status":"passed","title":"les tabs ont un tablist parent","duration":43.44855299999972,"failureMessages":[],"meta":{}},{"ancestorTitles":["[section] BrainBoostArchiContent — [a11y]"],"fullName":"[section] BrainBoostArchiContent — [a11y] n'a pas de violations (vue Couches)","status":"passed","title":"n'a pas de violations (vue Couches)","duration":447.166698,"failureMessages":[],"meta":{}},{"ancestorTitles":["[section] BrainBoostArchiContent — [a11y]"],"fullName":"[section] BrainBoostArchiContent — [a11y] n'a pas de violations (vue Flux IA)","status":"passed","title":"n'a pas de violations (vue Flux IA)","duration":234.0418249999998,"failureMessages":[],"meta":{}}],"startTime":1774706769551,"endTime":1774706771091.0417,"status":"passed","message":"","name":"/home/runner/work/cv-portfolio/cv-portfolio/apps/web/src/components/sections/Projects/ArchDiagram/BrainBoostArchiContent.test.tsx"},{"assertionResults":[{"ancestorTitles":["[section] Drawer — [rendu]"],"fullName":"[section] Drawer — [rendu] n'est pas affiché quand project=null","status":"passed","title":"n'est pas affiché quand project=null","duration":16.331212999999934,"failureMessages":[],"meta":{}},{"ancestorTitles":["[section] Drawer — [rendu]"],"fullName":"[section] Drawer — [rendu] s'affiche quand un projet est passé","status":"passed","title":"s'affiche quand un projet est passé","duration":209.78322400000002,"failureMessages":[],"meta":{}},{"ancestorTitles":["[section] Drawer — [rendu]"],"fullName":"[section] Drawer — [rendu] affiche le titre du projet","status":"passed","title":"affiche le titre du projet","duration":8.823495999999977,"failureMessages":[],"meta":{}},{"ancestorTitles":["[section] Drawer — [rendu]"],"fullName":"[section] Drawer — [rendu] affiche la company et l'année","status":"passed","title":"affiche la company et l'année","duration":12.953040999999985,"failureMessages":[],"meta":{}},{"ancestorTitles":["[section] Drawer — [rendu]"],"fullName":"[section] Drawer — [rendu] affiche la description longue","status":"passed","title":"affiche la description longue","duration":9.653061999999863,"failureMessages":[],"meta":{}},{"ancestorTitles":["[section] Drawer — [rendu]"],"fullName":"[section] Drawer — [rendu] affiche les tags","status":"passed","title":"affiche les tags","duration":8.749137999999903,"failureMessages":[],"meta":{}},{"ancestorTitles":["[section] Drawer — [rendu]"],"fullName":"[section] Drawer — [rendu] affiche les tabs du projet","status":"passed","title":"affiche les tabs du projet","duration":114.32962399999997,"failureMessages":[],"meta":{}},{"ancestorTitles":["[section] Drawer — [rendu]"],"fullName":"[section] Drawer — [rendu] le premier tab est actif par défaut","status":"passed","title":"le premier tab est actif par défaut","duration":80.90775399999984,"failureMessages":[],"meta":{}},{"ancestorTitles":["[section] Drawer — [interactions]"],"fullName":"[section] Drawer — [interactions] appelle onClose au clic sur le bouton fermer","status":"passed","title":"appelle onClose au clic sur le bouton fermer","duration":55.395110000000386,"failureMessages":[],"meta":{}},{"ancestorTitles":["[section] Drawer — [interactions]"],"fullName":"[section] Drawer — [interactions] appelle onClose avec la touche Escape","status":"passed","title":"appelle onClose avec la touche Escape","duration":7.624863999999889,"failureMessages":[],"meta":{}},{"ancestorTitles":["[section] Drawer — [interactions]"],"fullName":"[section] Drawer — [interactions] appelle onClose au clic sur l'overlay","status":"passed","title":"appelle onClose au clic sur l'overlay","duration":22.629135000000133,"failureMessages":[],"meta":{}},{"ancestorTitles":["[section] Drawer — [interactions]"],"fullName":"[section] Drawer — [interactions] switch de tab au clic","status":"passed","title":"switch de tab au clic","duration":211.2586980000001,"failureMessages":[],"meta":{}},{"ancestorTitles":["[section] Drawer — [interactions]"],"fullName":"[section] Drawer — [interactions] un seul tab drawer est actif à la fois","status":"passed","title":"un seul tab drawer est actif à la fois","duration":97.59362799999963,"failureMessages":[],"meta":{}},{"ancestorTitles":["[section] Drawer — [a11y]"],"fullName":"[section] Drawer — [a11y] le dialog a aria-modal=true","status":"passed","title":"le dialog a aria-modal=true","duration":17.90697900000032,"failureMessages":[],"meta":{}},{"ancestorTitles":["[section] Drawer — [a11y]"],"fullName":"[section] Drawer — [a11y] le dialog a un aria-label ou aria-labelledby","status":"passed","title":"le dialog a un aria-label ou aria-labelledby","duration":11.543952999999874,"failureMessages":[],"meta":{}},{"ancestorTitles":["[section] Drawer — [a11y]"],"fullName":"[section] Drawer — [a11y] le bouton fermer est accessible","status":"passed","title":"le bouton fermer est accessible","duration":37.64252600000009,"failureMessages":[],"meta":{}},{"ancestorTitles":["[section] Drawer — [a11y]"],"fullName":"[section] Drawer — [a11y] les tabs ont un tablist parent","status":"passed","title":"les tabs ont un tablist parent","duration":28.26758299999983,"failureMessages":[],"meta":{}}],"startTime":1774706765199,"endTime":1774706766151.2676,"status":"passed","message":"","name":"/home/runner/work/cv-portfolio/cv-portfolio/apps/web/src/components/sections/Projects/Drawer/Drawer.test.tsx"}]}