{"numTotalTestSuites":99,"numPassedTestSuites":97,"numFailedTestSuites":2,"numPendingTestSuites":0,"numTotalTests":278,"numPassedTests":277,"numFailedTests":1,"numPendingTests":0,"numTodoTests":0,"snapshot":{"added":0,"failure":false,"filesAdded":0,"filesRemoved":0,"filesRemovedList":[],"filesUnmatched":0,"filesUpdated":0,"matched":0,"total":0,"unchecked":0,"uncheckedKeysByFile":[],"unmatched":0,"updated":0,"didUpdate":false},"startTime":1774010781068,"success":false,"testResults":[{"assertionResults":[{"ancestorTitles":["[page] App — [rendu]"],"fullName":"[page] App — [rendu] affiche le skip link","status":"passed","title":"affiche le skip link","duration":692.2125000000087,"failureMessages":[],"meta":{}},{"ancestorTitles":["[page] App — [rendu]"],"fullName":"[page] App — [rendu] affiche la navigation","status":"passed","title":"affiche la navigation","duration":1023.0864000000001,"failureMessages":[],"meta":{}},{"ancestorTitles":["[page] App — [rendu]"],"fullName":"[page] App — [rendu] affiche le main","status":"passed","title":"affiche le main","duration":486.0084999999963,"failureMessages":[],"meta":{}},{"ancestorTitles":["[page] App — [rendu]"],"fullName":"[page] App — [rendu] affiche toutes les sections principales","status":"passed","title":"affiche toutes les sections principales","duration":230.6642000000138,"failureMessages":[],"meta":{}},{"ancestorTitles":["[page] App — [rendu]"],"fullName":"[page] App — [rendu] affiche le footer","status":"passed","title":"affiche le footer","duration":457.1469999999972,"failureMessages":[],"meta":{}},{"ancestorTitles":["[page] App — [rendu]"],"fullName":"[page] App — [rendu] affiche le menu accessibilité","status":"passed","title":"affiche le menu accessibilité","duration":1754.6299,"failureMessages":[],"meta":{}},{"ancestorTitles":["[page] App — [a11y]"],"fullName":"[page] App — [a11y] n'a pas de violations d'accessibilité","status":"failed","title":"n'a pas de violations d'accessibilité","duration":15084.458700000003,"failureMessages":["Error: STACK_TRACE_ERROR\n    at task (file:///D:/Projects/cv-portfolio/node_modules/@vitest/runner/dist/index.js:796:27)\n    at Object.<anonymous> (file:///D:/Projects/cv-portfolio/node_modules/@vitest/runner/dist/index.js:823:16)\n    at Object.<anonymous> (file:///D:/Projects/cv-portfolio/node_modules/@vitest/runner/dist/index.js:615:28)\n    at chain (file:///D:/Projects/cv-portfolio/node_modules/@vitest/runner/dist/chunk-tasks.js:9:14)\n    at D:/Projects/cv-portfolio/apps/web/src/App.test.tsx:86:3\n    at file:///D:/Projects/cv-portfolio/node_modules/@vitest/runner/dist/index.js:901:40\n    at runWithSuite (file:///D:/Projects/cv-portfolio/node_modules/@vitest/runner/dist/index.js:1195:8)\n    at Object.collect (file:///D:/Projects/cv-portfolio/node_modules/@vitest/runner/dist/index.js:901:10)\n    at Object.collect (file:///D:/Projects/cv-portfolio/node_modules/@vitest/runner/dist/index.js:905:54)\n    at processTicksAndRejections (node:internal/process/task_queues:104:5)\n    at file:///D:/Projects/cv-portfolio/node_modules/@vitest/runner/dist/index.js:1390:26\n    at collectTests (file:///D:/Projects/cv-portfolio/node_modules/@vitest/runner/dist/index.js:1365:3)\n    at startTests (file:///D:/Projects/cv-portfolio/node_modules/@vitest/runner/dist/index.js:1937:17)\n    at file:///D:/Projects/cv-portfolio/node_modules/vitest/dist/chunks/base.CJ0Y4ePK.js:86:26\n    at run (file:///D:/Projects/cv-portfolio/node_modules/vitest/dist/chunks/base.CJ0Y4ePK.js:79:2)"],"meta":{}}],"startTime":1774010871336,"endTime":1774010891065.4587,"status":"failed","message":"","name":"D:/Projects/cv-portfolio/apps/web/src/App.test.tsx"},{"assertionResults":[{"ancestorTitles":["[hook] useA11y — [rendu]"],"fullName":"[hook] useA11y — [rendu] retourne les settings par défaut","status":"passed","title":"retourne les settings par défaut","duration":90.8781999999992,"failureMessages":[],"meta":{}},{"ancestorTitles":["[hook] useA11y — [rendu]"],"fullName":"[hook] useA11y — [rendu] persiste les settings dans localStorage","status":"passed","title":"persiste les settings dans localStorage","duration":9.490999999999985,"failureMessages":[],"meta":{}},{"ancestorTitles":["[hook] useA11y — [rendu]"],"fullName":"[hook] useA11y — [rendu] charge les settings depuis localStorage au montage","status":"passed","title":"charge les settings depuis localStorage au montage","duration":5.3281000000006316,"failureMessages":[],"meta":{}},{"ancestorTitles":["[hook] useA11y — [interactions]"],"fullName":"[hook] useA11y — [interactions] toggle dyslexicFont","status":"passed","title":"toggle dyslexicFont","duration":6.486899999999878,"failureMessages":[],"meta":{}},{"ancestorTitles":["[hook] useA11y — [interactions]"],"fullName":"[hook] useA11y — [interactions] toggle highContrast ajoute la classe a11y-contrast","status":"passed","title":"toggle highContrast ajoute la classe a11y-contrast","duration":5.213300000000345,"failureMessages":[],"meta":{}},{"ancestorTitles":["[hook] useA11y — [interactions]"],"fullName":"[hook] useA11y — [interactions] toggle pauseAnimations ajoute la classe a11y-no-motion","status":"passed","title":"toggle pauseAnimations ajoute la classe a11y-no-motion","duration":4.455300000000534,"failureMessages":[],"meta":{}},{"ancestorTitles":["[hook] useA11y — [interactions]"],"fullName":"[hook] useA11y — [interactions] toggle letterSpacing ajoute la classe a11y-spacing","status":"passed","title":"toggle letterSpacing ajoute la classe a11y-spacing","duration":6.83179999999993,"failureMessages":[],"meta":{}},{"ancestorTitles":["[hook] useA11y — [interactions]"],"fullName":"[hook] useA11y — [interactions] setFontSize(2) ajoute a11y-font-md","status":"passed","title":"setFontSize(2) ajoute a11y-font-md","duration":4.550500000000284,"failureMessages":[],"meta":{}},{"ancestorTitles":["[hook] useA11y — [interactions]"],"fullName":"[hook] useA11y — [interactions] setFontSize(3) ajoute a11y-font-lg","status":"passed","title":"setFontSize(3) ajoute a11y-font-lg","duration":4.962999999999738,"failureMessages":[],"meta":{}},{"ancestorTitles":["[hook] useA11y — [interactions]"],"fullName":"[hook] useA11y — [interactions] reset remet les valeurs par défaut","status":"passed","title":"reset remet les valeurs par défaut","duration":5.24579999999969,"failureMessages":[],"meta":{}}],"startTime":1774010960708,"endTime":1774010960853.2458,"status":"passed","message":"","name":"D:/Projects/cv-portfolio/apps/web/src/hooks/useA11y.test.ts"},{"assertionResults":[{"ancestorTitles":["[hook] useDocumentTitle — [rendu]"],"fullName":"[hook] useDocumentTitle — [rendu] monte sans erreur","status":"passed","title":"monte sans erreur","duration":41.065000000000055,"failureMessages":[],"meta":{}},{"ancestorTitles":["[hook] useDocumentTitle — [rendu]"],"fullName":"[hook] useDocumentTitle — [rendu] ne change pas le titre si aucune section n'est dans le DOM","status":"passed","title":"ne change pas le titre si aucune section n'est dans le DOM","duration":6.373599999999897,"failureMessages":[],"meta":{}},{"ancestorTitles":["[hook] useDocumentTitle — [interactions]"],"fullName":"[hook] useDocumentTitle — [interactions] met à jour le titre quand la section hero est intersectée","status":"passed","title":"met à jour le titre quand la section hero est intersectée","duration":15.846900000000005,"failureMessages":[],"meta":{}},{"ancestorTitles":["[hook] useDocumentTitle — [interactions]"],"fullName":"[hook] useDocumentTitle — [interactions] met à jour le titre avec la clé i18n pour une section avec titleKey","status":"passed","title":"met à jour le titre avec la clé i18n pour une section avec titleKey","duration":9.24350000000004,"failureMessages":[],"meta":{}},{"ancestorTitles":["[hook] useDocumentTitle — [interactions]"],"fullName":"[hook] useDocumentTitle — [interactions] ne met pas à jour le titre si isIntersecting=false","status":"passed","title":"ne met pas à jour le titre si isIntersecting=false","duration":8.346900000000005,"failureMessages":[],"meta":{}},{"ancestorTitles":["[hook] useDocumentTitle — [interactions]"],"fullName":"[hook] useDocumentTitle — [interactions] déconnecte les observers au démontage","status":"passed","title":"déconnecte les observers au démontage","duration":5.126600000000053,"failureMessages":[],"meta":{}}],"startTime":1774010964010,"endTime":1774010964097.1267,"status":"passed","message":"","name":"D:/Projects/cv-portfolio/apps/web/src/hooks/useDocumentTitle.test.ts"},{"assertionResults":[{"ancestorTitles":["[hook] useIntersectionObserver — [rendu]"],"fullName":"[hook] useIntersectionObserver — [rendu] retourne isVisible=false par défaut","status":"passed","title":"retourne isVisible=false par défaut","duration":35.174099999999726,"failureMessages":[],"meta":{}},{"ancestorTitles":["[hook] useIntersectionObserver — [rendu]"],"fullName":"[hook] useIntersectionObserver — [rendu] retourne une ref initialisée","status":"passed","title":"retourne une ref initialisée","duration":4.921200000000226,"failureMessages":[],"meta":{}},{"ancestorTitles":["[hook] useIntersectionObserver — [rendu]"],"fullName":"[hook] useIntersectionObserver — [rendu] accepte des options threshold et rootMargin","status":"passed","title":"accepte des options threshold et rootMargin","duration":5.840400000000045,"failureMessages":[],"meta":{}},{"ancestorTitles":["[hook] useIntersectionObserver — [rendu]"],"fullName":"[hook] useIntersectionObserver — [rendu] accepte triggerOnce=false","status":"passed","title":"accepte triggerOnce=false","duration":4.389099999999871,"failureMessages":[],"meta":{}},{"ancestorTitles":["[hook] useIntersectionObserver — [rendu]"],"fullName":"[hook] useIntersectionObserver — [rendu] monte et démonte sans erreur","status":"passed","title":"monte et démonte sans erreur","duration":4.477800000000116,"failureMessages":[],"meta":{}}],"startTime":1774010965005,"endTime":1774010965060.4778,"status":"passed","message":"","name":"D:/Projects/cv-portfolio/apps/web/src/hooks/useIntersectionObserver.test.ts"},{"assertionResults":[{"ancestorTitles":["[hook] useReducedMotion — [rendu]"],"fullName":"[hook] useReducedMotion — [rendu] retourne false si prefers-reduced-motion=no-preference","status":"passed","title":"retourne false si prefers-reduced-motion=no-preference","duration":30.622899999999845,"failureMessages":[],"meta":{}},{"ancestorTitles":["[hook] useReducedMotion — [rendu]"],"fullName":"[hook] useReducedMotion — [rendu] retourne true si prefers-reduced-motion=reduce","status":"passed","title":"retourne true si prefers-reduced-motion=reduce","duration":4.492700000000241,"failureMessages":[],"meta":{}},{"ancestorTitles":["[hook] useReducedMotion — [interactions]"],"fullName":"[hook] useReducedMotion — [interactions] met à jour la valeur quand la préférence change vers reduce","status":"passed","title":"met à jour la valeur quand la préférence change vers reduce","duration":7.488699999999881,"failureMessages":[],"meta":{}},{"ancestorTitles":["[hook] useReducedMotion — [interactions]"],"fullName":"[hook] useReducedMotion — [interactions] met à jour la valeur quand la préférence change vers no-preference","status":"passed","title":"met à jour la valeur quand la préférence change vers no-preference","duration":5.896900000000187,"failureMessages":[],"meta":{}},{"ancestorTitles":["[hook] useReducedMotion — [interactions]"],"fullName":"[hook] useReducedMotion — [interactions] retire le listener au démontage","status":"passed","title":"retire le listener au démontage","duration":5.592199999999593,"failureMessages":[],"meta":{}}],"startTime":1774010967709,"endTime":1774010967764.5923,"status":"passed","message":"","name":"D:/Projects/cv-portfolio/apps/web/src/hooks/useReducedMotion.test.ts"},{"assertionResults":[{"ancestorTitles":["[hook] useSpeech — [rendu]"],"fullName":"[hook] useSpeech — [rendu] retourne isSupported=true si speechSynthesis est dans window","status":"passed","title":"retourne isSupported=true si speechSynthesis est dans window","duration":49.13940000000002,"failureMessages":[],"meta":{}},{"ancestorTitles":["[hook] useSpeech — [rendu]"],"fullName":"[hook] useSpeech — [rendu] retourne isSupported=false si speechSynthesis est absent","status":"passed","title":"retourne isSupported=false si speechSynthesis est absent","duration":3.9080999999996493,"failureMessages":[],"meta":{}},{"ancestorTitles":["[hook] useSpeech — [rendu]"],"fullName":"[hook] useSpeech — [rendu] état initial — isSpeaking=false","status":"passed","title":"état initial — isSpeaking=false","duration":4.0361000000002605,"failureMessages":[],"meta":{}},{"ancestorTitles":["[hook] useSpeech — [rendu]"],"fullName":"[hook] useSpeech — [rendu] état initial — isPaused=false","status":"passed","title":"état initial — isPaused=false","duration":6.488200000000688,"failureMessages":[],"meta":{}},{"ancestorTitles":["[hook] useSpeech — [rendu]"],"fullName":"[hook] useSpeech — [rendu] état initial — currentText vide","status":"passed","title":"état initial — currentText vide","duration":4.474299999999857,"failureMessages":[],"meta":{}},{"ancestorTitles":["[hook] useSpeech — [rendu]"],"fullName":"[hook] useSpeech — [rendu] état initial — mode=page","status":"passed","title":"état initial — mode=page","duration":2.984799999999268,"failureMessages":[],"meta":{}},{"ancestorTitles":["[hook] useSpeech — [rendu]"],"fullName":"[hook] useSpeech — [rendu] monte et démonte sans erreur","status":"passed","title":"monte et démonte sans erreur","duration":5.9947000000001935,"failureMessages":[],"meta":{}},{"ancestorTitles":["[hook] useSpeech — [rendu]"],"fullName":"[hook] useSpeech — [rendu] annule la synthèse au démontage","status":"passed","title":"annule la synthèse au démontage","duration":4.046400000000176,"failureMessages":[],"meta":{}},{"ancestorTitles":["[hook] useSpeech — [interactions]"],"fullName":"[hook] useSpeech — [interactions] setMode change le mode vers click","status":"passed","title":"setMode change le mode vers click","duration":11.35989999999947,"failureMessages":[],"meta":{}},{"ancestorTitles":["[hook] useSpeech — [interactions]"],"fullName":"[hook] useSpeech — [interactions] setMode change le mode vers page","status":"passed","title":"setMode change le mode vers page","duration":7.856000000000677,"failureMessages":[],"meta":{}},{"ancestorTitles":["[hook] useSpeech — [interactions]"],"fullName":"[hook] useSpeech — [interactions] pause — appelle speechSynthesis.pause et isPaused=true","status":"passed","title":"pause — appelle speechSynthesis.pause et isPaused=true","duration":5.073599999999715,"failureMessages":[],"meta":{}},{"ancestorTitles":["[hook] useSpeech — [interactions]"],"fullName":"[hook] useSpeech — [interactions] resume — appelle speechSynthesis.resume et isPaused=false","status":"passed","title":"resume — appelle speechSynthesis.resume et isPaused=false","duration":3.5578000000004977,"failureMessages":[],"meta":{}},{"ancestorTitles":["[hook] useSpeech — [interactions]"],"fullName":"[hook] useSpeech — [interactions] pause ignorée en mode click","status":"passed","title":"pause ignorée en mode click","duration":2.7651000000005297,"failureMessages":[],"meta":{}},{"ancestorTitles":["[hook] useSpeech — [interactions]"],"fullName":"[hook] useSpeech — [interactions] stop — remet isSpeaking, isPaused, currentText à zéro","status":"passed","title":"stop — remet isSpeaking, isPaused, currentText à zéro","duration":3.088999999999942,"failureMessages":[],"meta":{}},{"ancestorTitles":["[hook] useSpeech — [interactions]"],"fullName":"[hook] useSpeech — [interactions] stop — appelle speechSynthesis.cancel","status":"passed","title":"stop — appelle speechSynthesis.cancel","duration":2.319100000000617,"failureMessages":[],"meta":{}},{"ancestorTitles":["[hook] useSpeech — [interactions]"],"fullName":"[hook] useSpeech — [interactions] next ignoré en mode click","status":"passed","title":"next ignoré en mode click","duration":3.117699999999786,"failureMessages":[],"meta":{}},{"ancestorTitles":["[hook] useSpeech — [interactions]"],"fullName":"[hook] useSpeech — [interactions] previous ignoré en mode click","status":"passed","title":"previous ignoré en mode click","duration":3.663300000000163,"failureMessages":[],"meta":{}},{"ancestorTitles":["[hook] useSpeech — [interactions]"],"fullName":"[hook] useSpeech — [interactions] next — appelle cancel en mode page","status":"passed","title":"next — appelle cancel en mode page","duration":1.9665999999997439,"failureMessages":[],"meta":{}},{"ancestorTitles":["[hook] useSpeech — [interactions]"],"fullName":"[hook] useSpeech — [interactions] previous — appelle cancel en mode page","status":"passed","title":"previous — appelle cancel en mode page","duration":2.113199999999779,"failureMessages":[],"meta":{}}],"startTime":1774010959695,"endTime":1774010959825.1133,"status":"passed","message":"","name":"D:/Projects/cv-portfolio/apps/web/src/hooks/useSpeech.test.ts"},{"assertionResults":[{"ancestorTitles":["[hook] useTheme — [rendu]"],"fullName":"[hook] useTheme — [rendu] retourne un thème initial valide","status":"passed","title":"retourne un thème initial valide","duration":33.59599999999955,"failureMessages":[],"meta":{}},{"ancestorTitles":["[hook] useTheme — [rendu]"],"fullName":"[hook] useTheme — [rendu] expose une fonction toggleTheme","status":"passed","title":"expose une fonction toggleTheme","duration":3.5388999999995576,"failureMessages":[],"meta":{}},{"ancestorTitles":["[hook] useTheme — [rendu]"],"fullName":"[hook] useTheme — [rendu] cycle complet light → dark → light","status":"passed","title":"cycle complet light → dark → light","duration":7.061900000000605,"failureMessages":[],"meta":{}},{"ancestorTitles":["[hook] useTheme — [rendu]"],"fullName":"[hook] useTheme — [rendu] toggleTheme met à jour data-theme sur <html>","status":"passed","title":"toggleTheme met à jour data-theme sur <html>","duration":4.505300000000716,"failureMessages":[],"meta":{}},{"ancestorTitles":["[hook] useTheme — [rendu]"],"fullName":"[hook] useTheme — [rendu] deux instances partagent le même thème","status":"passed","title":"deux instances partagent le même thème","duration":12.91780000000017,"failureMessages":[],"meta":{}}],"startTime":1774010964093,"endTime":1774010964154.9177,"status":"passed","message":"","name":"D:/Projects/cv-portfolio/apps/web/src/hooks/useTheme.test.ts"},{"assertionResults":[{"ancestorTitles":["[page] BrainBoostTestsStatic — [rendu]"],"fullName":"[page] BrainBoostTestsStatic — [rendu] affiche le nombre de tests Jest","status":"passed","title":"affiche le nombre de tests Jest","duration":322.0055000000011,"failureMessages":[],"meta":{}},{"ancestorTitles":["[page] BrainBoostTestsStatic — [rendu]"],"fullName":"[page] BrainBoostTestsStatic — [rendu] affiche la couverture globale","status":"passed","title":"affiche la couverture globale","duration":142.6290999999983,"failureMessages":[],"meta":{}},{"ancestorTitles":["[page] BrainBoostTestsStatic — [rendu]"],"fullName":"[page] BrainBoostTestsStatic — [rendu] affiche le nombre de tests E2E","status":"passed","title":"affiche le nombre de tests E2E","duration":129.0576000000001,"failureMessages":[],"meta":{}},{"ancestorTitles":["[page] BrainBoostTestsStatic — [rendu]"],"fullName":"[page] BrainBoostTestsStatic — [rendu] affiche le niveau WCAG","status":"passed","title":"affiche le niveau WCAG","duration":65.1893999999993,"failureMessages":[],"meta":{}},{"ancestorTitles":["[page] BrainBoostTestsStatic — [rendu]"],"fullName":"[page] BrainBoostTestsStatic — [rendu] affiche les 4 métriques de couverture","status":"passed","title":"affiche les 4 métriques de couverture","duration":96.00770000000011,"failureMessages":[],"meta":{}},{"ancestorTitles":["[page] BrainBoostTestsStatic — [rendu]"],"fullName":"[page] BrainBoostTestsStatic — [rendu] affiche les barres de progression avec les bons aria","status":"passed","title":"affiche les barres de progression avec les bons aria","duration":935.4177999999993,"failureMessages":[],"meta":{}},{"ancestorTitles":["[page] BrainBoostTestsStatic — [rendu]"],"fullName":"[page] BrainBoostTestsStatic — [rendu] affiche les 4 suites de tests","status":"passed","title":"affiche les 4 suites de tests","duration":123.71160000000054,"failureMessages":[],"meta":{}},{"ancestorTitles":["[page] BrainBoostTestsStatic — [a11y]"],"fullName":"[page] BrainBoostTestsStatic — [a11y] n'a pas de violations d'accessibilité","status":"passed","title":"n'a pas de violations d'accessibilité","duration":3086.9771999999994,"failureMessages":[],"meta":{}}],"startTime":1774010905795,"endTime":1774010910697.9773,"status":"passed","message":"","name":"D:/Projects/cv-portfolio/apps/web/src/pages/TestDashboard/BrainBoostTestsStatic.test.tsx"},{"assertionResults":[{"ancestorTitles":["[page] TestDashboard — [rendu]"],"fullName":"[page] TestDashboard — [rendu] affiche le titre","status":"passed","title":"affiche le titre","duration":619.0986000000003,"failureMessages":[],"meta":{}},{"ancestorTitles":["[page] TestDashboard — [rendu]"],"fullName":"[page] TestDashboard — [rendu] affiche le lien retour portfolio","status":"passed","title":"affiche le lien retour portfolio","duration":406.9331999999995,"failureMessages":[],"meta":{}},{"ancestorTitles":["[page] TestDashboard — [rendu]"],"fullName":"[page] TestDashboard — [rendu] affiche le contenu du dashboard","status":"passed","title":"affiche le contenu du dashboard","duration":60.17950000000019,"failureMessages":[],"meta":{}},{"ancestorTitles":["[page] TestDashboard — [a11y]"],"fullName":"[page] TestDashboard — [a11y] n'a pas de violations d'accessibilité","status":"passed","title":"n'a pas de violations d'accessibilité","duration":907.3923000000004,"failureMessages":[],"meta":{}}],"startTime":1774010946813,"endTime":1774010948807.3923,"status":"passed","message":"","name":"D:/Projects/cv-portfolio/apps/web/src/pages/TestDashboard/TestDashboard.test.tsx"},{"assertionResults":[{"ancestorTitles":["[page] TestDashboardContent helpers — [rendu]"],"fullName":"[page] TestDashboardContent helpers — [rendu] getFileName — nettoie le chemin","status":"passed","title":"getFileName — nettoie le chemin","duration":4.789800000000469,"failureMessages":[],"meta":{}},{"ancestorTitles":["[page] TestDashboardContent helpers — [rendu]"],"fullName":"[page] TestDashboardContent helpers — [rendu] getSuiteName — extrait le nom du fichier","status":"passed","title":"getSuiteName — extrait le nom du fichier","duration":1.5839000000014494,"failureMessages":[],"meta":{}},{"ancestorTitles":["[page] TestDashboardContent helpers — [rendu]"],"fullName":"[page] TestDashboardContent helpers — [rendu] getCoverageColor — retourne la bonne couleur","status":"passed","title":"getCoverageColor — retourne la bonne couleur","duration":2.567399999999907,"failureMessages":[],"meta":{}},{"ancestorTitles":["[page] TestDashboardContent helpers — [rendu]"],"fullName":"[page] TestDashboardContent helpers — [rendu] formatDuration — formate en ms et en secondes","status":"passed","title":"formatDuration — formate en ms et en secondes","duration":1.2548999999999069,"failureMessages":[],"meta":{}},{"ancestorTitles":["[page] TestDashboardContent — [rendu]"],"fullName":"[page] TestDashboardContent — [rendu] affiche le spinner pendant le chargement","status":"passed","title":"affiche le spinner pendant le chargement","duration":82.51389999999992,"failureMessages":[],"meta":{}},{"ancestorTitles":["[page] TestDashboardContent — [rendu]"],"fullName":"[page] TestDashboardContent — [rendu] affiche le message d'erreur si fetch échoue","status":"passed","title":"affiche le message d'erreur si fetch échoue","duration":256.70020000000113,"failureMessages":[],"meta":{}},{"ancestorTitles":["[page] TestDashboardContent — [rendu]"],"fullName":"[page] TestDashboardContent — [rendu] affiche les stats globales après chargement","status":"passed","title":"affiche les stats globales après chargement","duration":495.4915000000001,"failureMessages":[],"meta":{}},{"ancestorTitles":["[page] TestDashboardContent — [rendu]"],"fullName":"[page] TestDashboardContent — [rendu] affiche le titre Suites de tests","status":"passed","title":"affiche le titre Suites de tests","duration":150.03150000000096,"failureMessages":[],"meta":{}},{"ancestorTitles":["[page] TestDashboardContent — [rendu]"],"fullName":"[page] TestDashboardContent — [rendu] affiche les deux colonnes Rendu et Accessibilité","status":"passed","title":"affiche les deux colonnes Rendu et Accessibilité","duration":181.78399999999965,"failureMessages":[],"meta":{}},{"ancestorTitles":["[page] TestDashboardContent — [rendu]"],"fullName":"[page] TestDashboardContent — [rendu] affiche la section couverture de code","status":"passed","title":"affiche la section couverture de code","duration":45.54820000000109,"failureMessages":[],"meta":{}},{"ancestorTitles":["[page] TestDashboardContent — [rendu]"],"fullName":"[page] TestDashboardContent — [rendu] affiche la section couverture par fichier","status":"passed","title":"affiche la section couverture par fichier","duration":99.83970000000045,"failureMessages":[],"meta":{}},{"ancestorTitles":["[page] TestDashboardContent — [rendu]"],"fullName":"[page] TestDashboardContent — [rendu] affiche les métriques de couverture","status":"passed","title":"affiche les métriques de couverture","duration":55.7390000000014,"failureMessages":[],"meta":{}},{"ancestorTitles":["[page] TestDashboardContent — [interactions]"],"fullName":"[page] TestDashboardContent — [interactions] déplie un describe au clic","status":"passed","title":"déplie un describe au clic","duration":1576.0493000000006,"failureMessages":[],"meta":{}},{"ancestorTitles":["[page] TestDashboardContent — [interactions]"],"fullName":"[page] TestDashboardContent — [interactions] referme un describe au second clic","status":"passed","title":"referme un describe au second clic","duration":547.7700999999997,"failureMessages":[],"meta":{}},{"ancestorTitles":["[page] TestDashboardContent — [a11y]"],"fullName":"[page] TestDashboardContent — [a11y] n'a pas de violations (état chargé)","status":"passed","title":"n'a pas de violations (état chargé)","duration":3246.0173000000013,"failureMessages":[],"meta":{}}],"startTime":1774010901378,"endTime":1774010908128.0173,"status":"passed","message":"","name":"D:/Projects/cv-portfolio/apps/web/src/pages/TestDashboard/TestDashboardContent.test.tsx"},{"assertionResults":[{"ancestorTitles":["[layout] Footer — [rendu]"],"fullName":"[layout] Footer — [rendu] affiche le copyright","status":"passed","title":"affiche le copyright","duration":85.70139999999992,"failureMessages":[],"meta":{}},{"ancestorTitles":["[layout] Footer — [rendu]"],"fullName":"[layout] Footer — [rendu] affiche le lien GitHub","status":"passed","title":"affiche le lien GitHub","duration":15.71140000000014,"failureMessages":[],"meta":{}},{"ancestorTitles":["[layout] Footer — [rendu]"],"fullName":"[layout] Footer — [rendu] affiche le lien LinkedIn","status":"passed","title":"affiche le lien LinkedIn","duration":12.200700000000325,"failureMessages":[],"meta":{}},{"ancestorTitles":["[layout] Footer — [rendu]"],"fullName":"[layout] Footer — [rendu] a le role contentinfo","status":"passed","title":"a le role contentinfo","duration":459.77289999999994,"failureMessages":[],"meta":{}},{"ancestorTitles":["[layout] Footer — [a11y]"],"fullName":"[layout] Footer — [a11y] n'a pas de violations d'accessibilité","status":"passed","title":"n'a pas de violations d'accessibilité","duration":533.4692999999997,"failureMessages":[],"meta":{}}],"startTime":1774010953436,"endTime":1774010954544.4692,"status":"passed","message":"","name":"D:/Projects/cv-portfolio/apps/web/src/components/layout/Footer/Footer.test.tsx"},{"assertionResults":[{"ancestorTitles":["[layout] Nav — [rendu]"],"fullName":"[layout] Nav — [rendu] affiche le logo","status":"passed","title":"affiche le logo","duration":111.9413999999997,"failureMessages":[],"meta":{}},{"ancestorTitles":["[layout] Nav — [rendu]"],"fullName":"[layout] Nav — [rendu] affiche les liens de navigation","status":"passed","title":"affiche les liens de navigation","duration":1150.3922000000002,"failureMessages":[],"meta":{}},{"ancestorTitles":["[layout] Nav — [rendu]"],"fullName":"[layout] Nav — [rendu] affiche le bouton de langue","status":"passed","title":"affiche le bouton de langue","duration":238.0625,"failureMessages":[],"meta":{}},{"ancestorTitles":["[layout] Nav — [rendu]"],"fullName":"[layout] Nav — [rendu] affiche le bouton de thème","status":"passed","title":"affiche le bouton de thème","duration":224.1248000000005,"failureMessages":[],"meta":{}},{"ancestorTitles":["[layout] Nav — [rendu]"],"fullName":"[layout] Nav — [rendu] affiche le bouton hamburger","status":"passed","title":"affiche le bouton hamburger","duration":509.9557999999997,"failureMessages":[],"meta":{}},{"ancestorTitles":["[layout] Nav — [interactions]"],"fullName":"[layout] Nav — [interactions] ouvre le menu au clic sur hamburger","status":"passed","title":"ouvre le menu au clic sur hamburger","duration":418.6759000000002,"failureMessages":[],"meta":{}},{"ancestorTitles":["[layout] Nav — [interactions]"],"fullName":"[layout] Nav — [interactions] ferme le menu avec Escape","status":"passed","title":"ferme le menu avec Escape","duration":423.85169999999925,"failureMessages":[],"meta":{}},{"ancestorTitles":["[layout] Nav — [interactions]"],"fullName":"[layout] Nav — [interactions] ferme le menu au clic sur un lien","status":"passed","title":"ferme le menu au clic sur un lien","duration":626.6885000000002,"failureMessages":[],"meta":{}},{"ancestorTitles":["[layout] Nav — [a11y]"],"fullName":"[layout] Nav — [a11y] n'a pas de violations (menu fermé)","status":"passed","title":"n'a pas de violations (menu fermé)","duration":853.4586999999992,"failureMessages":[],"meta":{}},{"ancestorTitles":["[layout] Nav — [a11y]"],"fullName":"[layout] Nav — [a11y] n'a pas de violations (menu ouvert)","status":"passed","title":"n'a pas de violations (menu ouvert)","duration":828.9974000000002,"failureMessages":[],"meta":{}}],"startTime":1774010913756,"endTime":1774010919143.9973,"status":"passed","message":"","name":"D:/Projects/cv-portfolio/apps/web/src/components/layout/Nav/Nav.test.tsx"},{"assertionResults":[{"ancestorTitles":["[section] Contact — [rendu]"],"fullName":"[section] Contact — [rendu] affiche le titre et la description","status":"passed","title":"affiche le titre et la description","duration":1576.3980999999994,"failureMessages":[],"meta":{}},{"ancestorTitles":["[section] Contact — [rendu]"],"fullName":"[section] Contact — [rendu] affiche les champs du formulaire","status":"passed","title":"affiche les champs du formulaire","duration":145.4998999999989,"failureMessages":[],"meta":{}},{"ancestorTitles":["[section] Contact — [rendu]"],"fullName":"[section] Contact — [rendu] le bouton submit est accessible","status":"passed","title":"le bouton submit est accessible","duration":423.22489999999925,"failureMessages":[],"meta":{}},{"ancestorTitles":["[section] Contact — [interactions]"],"fullName":"[section] Contact — [interactions] affiche les erreurs si soumis vide","status":"passed","title":"affiche les erreurs si soumis vide","duration":759.6314000000002,"failureMessages":[],"meta":{}},{"ancestorTitles":["[section] Contact — [interactions]"],"fullName":"[section] Contact — [interactions] valide l'email au blur","status":"passed","title":"valide l'email au blur","duration":1404.0715,"failureMessages":[],"meta":{}},{"ancestorTitles":["[section] Contact — [a11y]"],"fullName":"[section] Contact — [a11y] n'a pas de violations d'accessibilité","status":"passed","title":"n'a pas de violations d'accessibilité","duration":2428.6448,"failureMessages":[],"meta":{}}],"startTime":1774010927652,"endTime":1774010934391.6448,"status":"passed","message":"","name":"D:/Projects/cv-portfolio/apps/web/src/components/sections/Contact/Contact.test.tsx"},{"assertionResults":[{"ancestorTitles":["[section] Education — [rendu]"],"fullName":"[section] Education — [rendu] affiche le titre de la section","status":"passed","title":"affiche le titre de la section","duration":643.0096999999996,"failureMessages":[],"meta":{}},{"ancestorTitles":["[section] Education — [rendu]"],"fullName":"[section] Education — [rendu] affiche la liste des formations","status":"passed","title":"affiche la liste des formations","duration":172.5676000000003,"failureMessages":[],"meta":{}},{"ancestorTitles":["[section] Education — [rendu]"],"fullName":"[section] Education — [rendu] affiche autant de cartes que de formations","status":"passed","title":"affiche autant de cartes que de formations","duration":228.33240000000114,"failureMessages":[],"meta":{}},{"ancestorTitles":["[section] Education — [rendu]"],"fullName":"[section] Education — [rendu] chaque formation a un aria-label accessible","status":"passed","title":"chaque formation a un aria-label accessible","duration":213.91200000000026,"failureMessages":[],"meta":{}},{"ancestorTitles":["[section] Education — [rendu]"],"fullName":"[section] Education — [rendu] chaque formation affiche son année","status":"passed","title":"chaque formation affiche son année","duration":31.938099999999395,"failureMessages":[],"meta":{}},{"ancestorTitles":["[section] Education — [rendu]"],"fullName":"[section] Education — [rendu] affiche les diplômes via clés i18n","status":"passed","title":"affiche les diplômes via clés i18n","duration":26.349699999998847,"failureMessages":[],"meta":{}},{"ancestorTitles":["[section] Education — [rendu]"],"fullName":"[section] Education — [rendu] affiche le titre Langues","status":"passed","title":"affiche le titre Langues","duration":101.79660000000149,"failureMessages":[],"meta":{}},{"ancestorTitles":["[section] Education — [rendu]"],"fullName":"[section] Education — [rendu] affiche les noms des langues via clés i18n","status":"passed","title":"affiche les noms des langues via clés i18n","duration":19.72530000000006,"failureMessages":[],"meta":{}},{"ancestorTitles":["[section] Education — [rendu]"],"fullName":"[section] Education — [rendu] affiche les niveaux via clés i18n","status":"passed","title":"affiche les niveaux via clés i18n","duration":24.99749999999949,"failureMessages":[],"meta":{}},{"ancestorTitles":["[section] Education — [a11y]"],"fullName":"[section] Education — [a11y] n'a pas de violations d'accessibilité","status":"passed","title":"n'a pas de violations d'accessibilité","duration":978.5332999999991,"failureMessages":[],"meta":{}}],"startTime":1774010939203,"endTime":1774010941646.5332,"status":"passed","message":"","name":"D:/Projects/cv-portfolio/apps/web/src/components/sections/Education/Education.test.tsx"},{"assertionResults":[{"ancestorTitles":["[section] Experiences — [rendu]"],"fullName":"[section] Experiences — [rendu] affiche le titre de la section","status":"passed","title":"affiche le titre de la section","duration":994.7825000000003,"failureMessages":[],"meta":{}},{"ancestorTitles":["[section] Experiences — [rendu]"],"fullName":"[section] Experiences — [rendu] affiche la liste des expériences","status":"passed","title":"affiche la liste des expériences","duration":449.9285,"failureMessages":[],"meta":{}},{"ancestorTitles":["[section] Experiences — [rendu]"],"fullName":"[section] Experiences — [rendu] affiche les 3 expériences","status":"passed","title":"affiche les 3 expériences","duration":102.69180000000051,"failureMessages":[],"meta":{}},{"ancestorTitles":["[section] Experiences — [rendu]"],"fullName":"[section] Experiences — [rendu] affiche les rôles via clés i18n","status":"passed","title":"affiche les rôles via clés i18n","duration":111.3737000000001,"failureMessages":[],"meta":{}},{"ancestorTitles":["[section] Experiences — [rendu]"],"fullName":"[section] Experiences — [rendu] affiche les descriptions via clés i18n","status":"passed","title":"affiche les descriptions via clés i18n","duration":83.57150000000001,"failureMessages":[],"meta":{}},{"ancestorTitles":["[section] Experiences — [rendu]"],"fullName":"[section] Experiences — [rendu] affiche le badge remote pour les postes remote","status":"passed","title":"affiche le badge remote pour les postes remote","duration":64.32819999999992,"failureMessages":[],"meta":{}},{"ancestorTitles":["[section] Experiences — [a11y]"],"fullName":"[section] Experiences — [a11y] n'a pas de violations d'accessibilité","status":"passed","title":"n'a pas de violations d'accessibilité","duration":3065.2849000000006,"failureMessages":[],"meta":{}}],"startTime":1774010917458,"endTime":1774010922362.285,"status":"passed","message":"","name":"D:/Projects/cv-portfolio/apps/web/src/components/sections/Experiences/Experiences.test.tsx"},{"assertionResults":[{"ancestorTitles":["[section] Hero — [rendu]"],"fullName":"[section] Hero — [rendu] affiche le prénom et nom","status":"passed","title":"affiche le prénom et nom","duration":163.33920000000035,"failureMessages":[],"meta":{}},{"ancestorTitles":["[section] Hero — [rendu]"],"fullName":"[section] Hero — [rendu] affiche le titre du poste","status":"passed","title":"affiche le titre du poste","duration":41.969600000000355,"failureMessages":[],"meta":{}},{"ancestorTitles":["[section] Hero — [rendu]"],"fullName":"[section] Hero — [rendu] affiche le résumé","status":"passed","title":"affiche le résumé","duration":35.540899999999965,"failureMessages":[],"meta":{}},{"ancestorTitles":["[section] Hero — [rendu]"],"fullName":"[section] Hero — [rendu] affiche la photo de profil","status":"passed","title":"affiche la photo de profil","duration":41.95339999999942,"failureMessages":[],"meta":{}},{"ancestorTitles":["[section] Hero — [rendu]"],"fullName":"[section] Hero — [rendu] contient les liens CTA","status":"passed","title":"contient les liens CTA","duration":627.6868000000004,"failureMessages":[],"meta":{}},{"ancestorTitles":["[section] Hero — [rendu]"],"fullName":"[section] Hero — [rendu] affiche les stats en chiffres","status":"passed","title":"affiche les stats en chiffres","duration":57.10560000000078,"failureMessages":[],"meta":{}},{"ancestorTitles":["[section] Hero — [a11y]"],"fullName":"[section] Hero — [a11y] n'a pas de violations d'accessibilité","status":"passed","title":"n'a pas de violations d'accessibilité","duration":1471.1215000000002,"failureMessages":[],"meta":{}}],"startTime":1774010941040,"endTime":1774010943480.1216,"status":"passed","message":"","name":"D:/Projects/cv-portfolio/apps/web/src/components/sections/Hero/Hero.test.tsx"},{"assertionResults":[{"ancestorTitles":["[section] Playground — [rendu]"],"fullName":"[section] Playground — [rendu] affiche le titre de la section","status":"passed","title":"affiche le titre de la section","duration":1194.3412000000098,"failureMessages":[],"meta":{}},{"ancestorTitles":["[section] Playground — [rendu]"],"fullName":"[section] Playground — [rendu] affiche les 3 cards","status":"passed","title":"affiche les 3 cards","duration":117.54200000000128,"failureMessages":[],"meta":{}},{"ancestorTitles":["[section] Playground — [rendu]"],"fullName":"[section] Playground — [rendu] affiche les boutons toast","status":"passed","title":"affiche les boutons toast","duration":1566.132500000007,"failureMessages":[],"meta":{}},{"ancestorTitles":["[section] Playground — [rendu]"],"fullName":"[section] Playground — [rendu] affiche les items de l'accordion","status":"passed","title":"affiche les items de l'accordion","duration":89.0112999999983,"failureMessages":[],"meta":{}},{"ancestorTitles":["[section] Playground — [interactions]"],"fullName":"[section] Playground — [interactions] ouvre la modal au clic sur le bouton démo","status":"passed","title":"ouvre la modal au clic sur le bouton démo","duration":918.3199000000022,"failureMessages":[],"meta":{}},{"ancestorTitles":["[section] Playground — [interactions]"],"fullName":"[section] Playground — [interactions] ferme la modal avec le bouton de fermeture","status":"passed","title":"ferme la modal avec le bouton de fermeture","duration":1701.3954999999987,"failureMessages":[],"meta":{}},{"ancestorTitles":["[section] Playground — [interactions]"],"fullName":"[section] Playground — [interactions] un clic sur un toast success crée une notification","status":"passed","title":"un clic sur un toast success crée une notification","duration":888.6373000000021,"failureMessages":[],"meta":{}},{"ancestorTitles":["[section] Playground — [a11y]"],"fullName":"[section] Playground — [a11y] n'a pas de violations d'accessibilité","status":"passed","title":"n'a pas de violations d'accessibilité","duration":3217.7252000000008,"failureMessages":[],"meta":{}}],"startTime":1774010864840,"endTime":1774010874535.725,"status":"passed","message":"","name":"D:/Projects/cv-portfolio/apps/web/src/components/sections/Playground/Playground.test.tsx"},{"assertionResults":[{"ancestorTitles":["[section] Projects — [rendu]"],"fullName":"[section] Projects — [rendu] affiche l'eyebrow","status":"passed","title":"affiche l'eyebrow","duration":281.8226999999997,"failureMessages":[],"meta":{}},{"ancestorTitles":["[section] Projects — [rendu]"],"fullName":"[section] Projects — [rendu] affiche le titre de section","status":"passed","title":"affiche le titre de section","duration":1075.293200000001,"failureMessages":[],"meta":{}},{"ancestorTitles":["[section] Projects — [rendu]"],"fullName":"[section] Projects — [rendu] affiche le sous-titre","status":"passed","title":"affiche le sous-titre","duration":90.23739999999998,"failureMessages":[],"meta":{}},{"ancestorTitles":["[section] Projects — [rendu]"],"fullName":"[section] Projects — [rendu] affiche les 2 projets","status":"passed","title":"affiche les 2 projets","duration":831.3124000000007,"failureMessages":[],"meta":{}},{"ancestorTitles":["[section] Projects — [rendu]"],"fullName":"[section] Projects — [rendu] affiche les tags technos","status":"passed","title":"affiche les tags technos","duration":53.46639999999934,"failureMessages":[],"meta":{}},{"ancestorTitles":["[section] Projects — [rendu]"],"fullName":"[section] Projects — [rendu] affiche les liens externes","status":"passed","title":"affiche les liens externes","duration":99.98970000000008,"failureMessages":[],"meta":{}},{"ancestorTitles":["[section] Projects — [interactions]"],"fullName":"[section] Projects — [interactions] ouvre le drawer au clic sur Tactileo","status":"passed","title":"ouvre le drawer au clic sur Tactileo","duration":766.1937999999991,"failureMessages":[],"meta":{}},{"ancestorTitles":["[section] Projects — [interactions]"],"fullName":"[section] Projects — [interactions] ouvre le bon projet dans le drawer","status":"passed","title":"ouvre le bon projet dans le drawer","duration":605.5583000000006,"failureMessages":[],"meta":{}},{"ancestorTitles":["[section] Projects — [interactions]"],"fullName":"[section] Projects — [interactions] ferme le drawer avec le bouton fermer","status":"passed","title":"ferme le drawer avec le bouton fermer","duration":1307.7731000000003,"failureMessages":[],"meta":{}},{"ancestorTitles":["[section] Projects — [interactions]"],"fullName":"[section] Projects — [interactions] ferme le drawer avec Escape","status":"passed","title":"ferme le drawer avec Escape","duration":510.72279999999955,"failureMessages":[],"meta":{}},{"ancestorTitles":["[section] Projects — [a11y]"],"fullName":"[section] Projects — [a11y] la section a un aria-labelledby","status":"passed","title":"la section a un aria-labelledby","duration":42.266600000000835,"failureMessages":[],"meta":{}},{"ancestorTitles":["[section] Projects — [a11y]"],"fullName":"[section] Projects — [a11y] les liens externes ont rel=noopener noreferrer","status":"passed","title":"les liens externes ont rel=noopener noreferrer","duration":367.0738000000001,"failureMessages":[],"meta":{}},{"ancestorTitles":["[section] Projects — [a11y]"],"fullName":"[section] Projects — [a11y] n'a pas de violations axe-core","status":"passed","title":"n'a pas de violations axe-core","duration":3332.7196000000004,"failureMessages":[],"meta":{}}],"startTime":1774010886680,"endTime":1774010896046.7195,"status":"passed","message":"","name":"D:/Projects/cv-portfolio/apps/web/src/components/sections/Projects/Projects.test.tsx"},{"assertionResults":[{"ancestorTitles":["[section] Skills — [rendu]"],"fullName":"[section] Skills — [rendu] affiche le titre","status":"passed","title":"affiche le titre","duration":658.7146000000002,"failureMessages":[],"meta":{}},{"ancestorTitles":["[section] Skills — [rendu]"],"fullName":"[section] Skills — [rendu] affiche le nuage de compétences","status":"passed","title":"affiche le nuage de compétences","duration":106.09850000000006,"failureMessages":[],"meta":{}},{"ancestorTitles":["[section] Skills — [rendu]"],"fullName":"[section] Skills — [rendu] affiche la légende des catégories","status":"passed","title":"affiche la légende des catégories","duration":42.216699999999946,"failureMessages":[],"meta":{}},{"ancestorTitles":["[section] Skills — [a11y]"],"fullName":"[section] Skills — [a11y] n'a pas de violations d'accessibilité","status":"passed","title":"n'a pas de violations d'accessibilité","duration":933.9141,"failureMessages":[],"meta":{}}],"startTime":1774010947888,"endTime":1774010949629.914,"status":"passed","message":"","name":"D:/Projects/cv-portfolio/apps/web/src/components/sections/Skills/Skills.test.tsx"},{"assertionResults":[{"ancestorTitles":["[ui] A11yMenu — [rendu]"],"fullName":"[ui] A11yMenu — [rendu] affiche le bouton déclencheur","status":"passed","title":"affiche le bouton déclencheur","duration":778.3824000000004,"failureMessages":[],"meta":{}},{"ancestorTitles":["[ui] A11yMenu — [rendu]"],"fullName":"[ui] A11yMenu — [rendu] le panel est fermé par défaut","status":"passed","title":"le panel est fermé par défaut","duration":34.08590000000004,"failureMessages":[],"meta":{}},{"ancestorTitles":["[ui] A11yMenu — [rendu]"],"fullName":"[ui] A11yMenu — [rendu] affiche les 4 switches quand ouvert","status":"passed","title":"affiche les 4 switches quand ouvert","duration":658.1926000000003,"failureMessages":[],"meta":{}},{"ancestorTitles":["[ui] A11yMenu — [rendu]"],"fullName":"[ui] A11yMenu — [rendu] les boutons de taille de police sont accessibles","status":"passed","title":"les boutons de taille de police sont accessibles","duration":545.3729999999996,"failureMessages":[],"meta":{}},{"ancestorTitles":["[ui] A11yMenu — [interactions]"],"fullName":"[ui] A11yMenu — [interactions] ouvre le panel au clic","status":"passed","title":"ouvre le panel au clic","duration":206.97769999999946,"failureMessages":[],"meta":{}},{"ancestorTitles":["[ui] A11yMenu — [interactions]"],"fullName":"[ui] A11yMenu — [interactions] ferme le panel avec le bouton fermer","status":"passed","title":"ferme le panel avec le bouton fermer","duration":398.1226999999999,"failureMessages":[],"meta":{}},{"ancestorTitles":["[ui] A11yMenu — [interactions]"],"fullName":"[ui] A11yMenu — [interactions] ferme le panel avec Escape","status":"passed","title":"ferme le panel avec Escape","duration":190.96019999999953,"failureMessages":[],"meta":{}},{"ancestorTitles":["[ui] A11yMenu — [interactions]"],"fullName":"[ui] A11yMenu — [interactions] toggle Police Dyslexie change aria-checked","status":"passed","title":"toggle Police Dyslexie change aria-checked","duration":655.1792000000005,"failureMessages":[],"meta":{}},{"ancestorTitles":["[ui] A11yMenu — [interactions]"],"fullName":"[ui] A11yMenu — [interactions] toggle Contraste élevé change aria-checked","status":"passed","title":"toggle Contraste élevé change aria-checked","duration":760.3191999999999,"failureMessages":[],"meta":{}},{"ancestorTitles":["[ui] A11yMenu — [interactions]"],"fullName":"[ui] A11yMenu — [interactions] affiche le bouton reset quand un paramètre est modifié","status":"passed","title":"affiche le bouton reset quand un paramètre est modifié","duration":1462.2808999999997,"failureMessages":[],"meta":{}},{"ancestorTitles":["[ui] A11yMenu — [interactions]"],"fullName":"[ui] A11yMenu — [interactions] reset remet les switches à false","status":"passed","title":"reset remet les switches à false","duration":2232.5505999999987,"failureMessages":[],"meta":{}},{"ancestorTitles":["[ui] A11yMenu — [a11y]"],"fullName":"[ui] A11yMenu — [a11y] n'a pas de violations (panel fermé)","status":"passed","title":"n'a pas de violations (panel fermé)","duration":399.5743999999995,"failureMessages":[],"meta":{}},{"ancestorTitles":["[ui] A11yMenu — [a11y]"],"fullName":"[ui] A11yMenu — [a11y] n'a pas de violations (panel ouvert)","status":"passed","title":"n'a pas de violations (panel ouvert)","duration":2092.1888,"failureMessages":[],"meta":{}}],"startTime":1774010882497,"endTime":1774010892913.1887,"status":"passed","message":"","name":"D:/Projects/cv-portfolio/apps/web/src/components/ui/A11yMenu/A11yMenu.test.tsx"},{"assertionResults":[{"ancestorTitles":["[ui] Accordion — [rendu]"],"fullName":"[ui] Accordion — [rendu] affiche tous les titres","status":"passed","title":"affiche tous les titres","duration":127.55779999999868,"failureMessages":[],"meta":{}},{"ancestorTitles":["[ui] Accordion — [rendu]"],"fullName":"[ui] Accordion — [rendu] les panneaux sont fermés par défaut","status":"passed","title":"les panneaux sont fermés par défaut","duration":1031.4573999999993,"failureMessages":[],"meta":{}},{"ancestorTitles":["[ui] Accordion — [interactions]"],"fullName":"[ui] Accordion — [interactions] ouvre un panneau au clic","status":"passed","title":"ouvre un panneau au clic","duration":360.23809999999867,"failureMessages":[],"meta":{}},{"ancestorTitles":["[ui] Accordion — [interactions]"],"fullName":"[ui] Accordion — [interactions] ferme un panneau ouvert au second clic","status":"passed","title":"ferme un panneau ouvert au second clic","duration":597.2317000000003,"failureMessages":[],"meta":{}},{"ancestorTitles":["[ui] Accordion — [interactions]"],"fullName":"[ui] Accordion — [interactions] ferme le précédent quand allowMultiple=false","status":"passed","title":"ferme le précédent quand allowMultiple=false","duration":517.8580000000002,"failureMessages":[],"meta":{}},{"ancestorTitles":["[ui] Accordion — [interactions]"],"fullName":"[ui] Accordion — [interactions] garde plusieurs ouverts si allowMultiple=true","status":"passed","title":"garde plusieurs ouverts si allowMultiple=true","duration":695.0318999999981,"failureMessages":[],"meta":{}},{"ancestorTitles":["[ui] Accordion — [interactions]"],"fullName":"[ui] Accordion — [interactions] navigation clavier avec ArrowDown","status":"passed","title":"navigation clavier avec ArrowDown","duration":162.49069999999847,"failureMessages":[],"meta":{}},{"ancestorTitles":["[ui] Accordion — [interactions]"],"fullName":"[ui] Accordion — [interactions] navigation clavier avec ArrowUp","status":"passed","title":"navigation clavier avec ArrowUp","duration":146.5663999999997,"failureMessages":[],"meta":{}},{"ancestorTitles":["[ui] Accordion — [a11y]"],"fullName":"[ui] Accordion — [a11y] n'a pas de violations (fermé)","status":"passed","title":"n'a pas de violations (fermé)","duration":1602.6167999999998,"failureMessages":[],"meta":{}},{"ancestorTitles":["[ui] Accordion — [a11y]"],"fullName":"[ui] Accordion — [a11y] n'a pas de violations (ouvert)","status":"passed","title":"n'a pas de violations (ouvert)","duration":1752.8443000000007,"failureMessages":[],"meta":{}}],"startTime":1774010924190,"endTime":1774010931185.8442,"status":"passed","message":"","name":"D:/Projects/cv-portfolio/apps/web/src/components/ui/Accordion/Accordion.test.tsx"},{"assertionResults":[{"ancestorTitles":["[ui] Button — [rendu]"],"fullName":"[ui] Button — [rendu] affiche le contenu enfant","status":"passed","title":"affiche le contenu enfant","duration":579.5770999999995,"failureMessages":[],"meta":{}},{"ancestorTitles":["[ui] Button — [rendu]"],"fullName":"[ui] Button — [rendu] applique la variante primary par défaut","status":"passed","title":"applique la variante primary par défaut","duration":75.31049999999959,"failureMessages":[],"meta":{}},{"ancestorTitles":["[ui] Button — [rendu]"],"fullName":"[ui] Button — [rendu] applique la variante outline","status":"passed","title":"applique la variante outline","duration":72.38619999999992,"failureMessages":[],"meta":{}},{"ancestorTitles":["[ui] Button — [rendu]"],"fullName":"[ui] Button — [rendu] est désactivé avec disabled","status":"passed","title":"est désactivé avec disabled","duration":66.79899999999998,"failureMessages":[],"meta":{}},{"ancestorTitles":["[ui] Button — [rendu]"],"fullName":"[ui] Button — [rendu] déclenche onClick au clic","status":"passed","title":"déclenche onClick au clic","duration":67.73440000000028,"failureMessages":[],"meta":{}},{"ancestorTitles":["[ui] Button — [rendu]"],"fullName":"[ui] Button — [rendu] ne déclenche pas onClick si disabled","status":"passed","title":"ne déclenche pas onClick si disabled","duration":63.09110000000055,"failureMessages":[],"meta":{}},{"ancestorTitles":["[ui] Button — [rendu]"],"fullName":"[ui] Button — [rendu] rend un <a> quand as='a'","status":"passed","title":"rend un <a> quand as='a'","duration":83.65670000000046,"failureMessages":[],"meta":{}},{"ancestorTitles":["[ui] Button — [rendu]"],"fullName":"[ui] Button — [rendu] applique la variante outline sur <a>","status":"passed","title":"applique la variante outline sur <a>","duration":70.70809999999983,"failureMessages":[],"meta":{}},{"ancestorTitles":["[ui] Button — [a11y]"],"fullName":"[ui] Button — [a11y] n'a pas de violations (primary)","status":"passed","title":"n'a pas de violations (primary)","duration":202.1215000000002,"failureMessages":[],"meta":{}},{"ancestorTitles":["[ui] Button — [a11y]"],"fullName":"[ui] Button — [a11y] n'a pas de violations (outline)","status":"passed","title":"n'a pas de violations (outline)","duration":94.33119999999963,"failureMessages":[],"meta":{}},{"ancestorTitles":["[ui] Button — [a11y]"],"fullName":"[ui] Button — [a11y] n'a pas de violations (disabled)","status":"passed","title":"n'a pas de violations (disabled)","duration":87.21810000000005,"failureMessages":[],"meta":{}},{"ancestorTitles":["[ui] Button — [a11y]"],"fullName":"[ui] Button — [a11y] n'a pas de violations (as=a)","status":"passed","title":"n'a pas de violations (as=a)","duration":77.09200000000055,"failureMessages":[],"meta":{}}],"startTime":1774010949186,"endTime":1774010950728.092,"status":"passed","message":"","name":"D:/Projects/cv-portfolio/apps/web/src/components/ui/Button/Button.test.tsx"},{"assertionResults":[{"ancestorTitles":["[ui] Modal — [rendu]"],"fullName":"[ui] Modal — [rendu] ne s'affiche pas si isOpen=false","status":"passed","title":"ne s'affiche pas si isOpen=false","duration":66.78459999999995,"failureMessages":[],"meta":{}},{"ancestorTitles":["[ui] Modal — [rendu]"],"fullName":"[ui] Modal — [rendu] s'affiche si isOpen=true","status":"passed","title":"s'affiche si isOpen=true","duration":460.0105000000003,"failureMessages":[],"meta":{}},{"ancestorTitles":["[ui] Modal — [rendu]"],"fullName":"[ui] Modal — [rendu] affiche le titre correctement","status":"passed","title":"affiche le titre correctement","duration":15.60490000000027,"failureMessages":[],"meta":{}},{"ancestorTitles":["[ui] Modal — [rendu]"],"fullName":"[ui] Modal — [rendu] a les attributs ARIA corrects","status":"passed","title":"a les attributs ARIA corrects","duration":71.54370000000017,"failureMessages":[],"meta":{}},{"ancestorTitles":["[ui] Modal — [interactions]"],"fullName":"[ui] Modal — [interactions] appelle onClose au clic sur le bouton fermer","status":"passed","title":"appelle onClose au clic sur le bouton fermer","duration":180.09889999999996,"failureMessages":[],"meta":{}},{"ancestorTitles":["[ui] Modal — [interactions]"],"fullName":"[ui] Modal — [interactions] appelle onClose sur la touche Escape","status":"passed","title":"appelle onClose sur la touche Escape","duration":45.442700000000514,"failureMessages":[],"meta":{}},{"ancestorTitles":["[ui] Modal — [a11y]"],"fullName":"[ui] Modal — [a11y] n'a pas de violations (ouverte)","status":"passed","title":"n'a pas de violations (ouverte)","duration":123.67330000000038,"failureMessages":[],"meta":{}}],"startTime":1774010955307,"endTime":1774010956271.6733,"status":"passed","message":"","name":"D:/Projects/cv-portfolio/apps/web/src/components/ui/Modal/Modal.test.tsx"},{"assertionResults":[{"ancestorTitles":["[ui] Tag — [rendu]"],"fullName":"[ui] Tag — [rendu] affiche le label correctement","status":"passed","title":"affiche le label correctement","duration":118.09289999999964,"failureMessages":[],"meta":{}},{"ancestorTitles":["[ui] Tag — [rendu]"],"fullName":"[ui] Tag — [rendu] a le role listitem pour l'accessibilité","status":"passed","title":"a le role listitem pour l'accessibilité","duration":436.84090000000015,"failureMessages":[],"meta":{}},{"ancestorTitles":["[ui] Tag — [rendu]"],"fullName":"[ui] Tag — [rendu] applique la variante par défaut coral","status":"passed","title":"applique la variante par défaut coral","duration":8.692700000000514,"failureMessages":[],"meta":{}},{"ancestorTitles":["[ui] Tag — [rendu]"],"fullName":"[ui] Tag — [rendu] applique la variante sage","status":"passed","title":"applique la variante sage","duration":7.989699999999175,"failureMessages":[],"meta":{}},{"ancestorTitles":["[ui] Tag — [a11y]"],"fullName":"[ui] Tag — [a11y] n'a pas de violations","status":"passed","title":"n'a pas de violations","duration":188.23800000000028,"failureMessages":[],"meta":{}}],"startTime":1774010958974,"endTime":1774010959735.238,"status":"passed","message":"","name":"D:/Projects/cv-portfolio/apps/web/src/components/ui/Tag/Tag.test.tsx"},{"assertionResults":[{"ancestorTitles":["[ui] Toast — [rendu]"],"fullName":"[ui] Toast — [rendu] n'affiche rien si la liste est vide","status":"passed","title":"n'affiche rien si la liste est vide","duration":53.53639999999996,"failureMessages":[],"meta":{}},{"ancestorTitles":["[ui] Toast — [rendu]"],"fullName":"[ui] Toast — [rendu] affiche les toasts correctement","status":"passed","title":"affiche les toasts correctement","duration":496.7609000000002,"failureMessages":[],"meta":{}},{"ancestorTitles":["[ui] Toast — [rendu]"],"fullName":"[ui] Toast — [rendu] a les attributs aria corrects","status":"passed","title":"a les attributs aria corrects","duration":84.14589999999953,"failureMessages":[],"meta":{}},{"ancestorTitles":["[ui] Toast — [interactions]"],"fullName":"[ui] Toast — [interactions] appelle onRemove au clic sur fermer","status":"passed","title":"appelle onRemove au clic sur fermer","duration":197.3708999999999,"failureMessages":[],"meta":{}},{"ancestorTitles":["[ui] Toast — [interactions]"],"fullName":"[ui] Toast — [interactions] se ferme automatiquement après la durée","status":"passed","title":"se ferme automatiquement après la durée","duration":13.777900000000045,"failureMessages":[],"meta":{}},{"ancestorTitles":["[ui] Toast — [a11y]"],"fullName":"[ui] Toast — [a11y] n'a pas de violations","status":"passed","title":"n'a pas de violations","duration":181.90840000000026,"failureMessages":[],"meta":{}}],"startTime":1774010954252,"endTime":1774010955280.9084,"status":"passed","message":"","name":"D:/Projects/cv-portfolio/apps/web/src/components/ui/Toast/Toast.test.tsx"},{"assertionResults":[{"ancestorTitles":["[ui] AgentCard — [rendu]"],"fullName":"[ui] AgentCard — [rendu] affiche le titre et la description","status":"passed","title":"affiche le titre et la description","duration":193.41879999999946,"failureMessages":[],"meta":{}},{"ancestorTitles":["[ui] AgentCard — [rendu]"],"fullName":"[ui] AgentCard — [rendu] affiche les deux onglets","status":"passed","title":"affiche les deux onglets","duration":812.4881000000023,"failureMessages":[],"meta":{}},{"ancestorTitles":["[ui] AgentCard — [rendu]"],"fullName":"[ui] AgentCard — [rendu] affiche l'onglet chat sélectionné par défaut","status":"passed","title":"affiche l'onglet chat sélectionné par défaut","duration":217.4701999999961,"failureMessages":[],"meta":{}},{"ancestorTitles":["[ui] AgentCard — [rendu]"],"fullName":"[ui] AgentCard — [rendu] active l'onglet motivation après double-clic sur l'icône","status":"passed","title":"active l'onglet motivation après double-clic sur l'icône","duration":815.3871999999974,"failureMessages":[],"meta":{}},{"ancestorTitles":["[ui] AgentCard — [rendu]"],"fullName":"[ui] AgentCard — [rendu] n'affiche pas le champ offre d'emploi en mode chat","status":"passed","title":"n'affiche pas le champ offre d'emploi en mode chat","duration":31.22259999999369,"failureMessages":[],"meta":{}},{"ancestorTitles":["[ui] AgentCard — [rendu]"],"fullName":"[ui] AgentCard — [rendu] affiche le message vide en mode chat","status":"passed","title":"affiche le message vide en mode chat","duration":25.87160000001313,"failureMessages":[],"meta":{}},{"ancestorTitles":["[ui] AgentCard — [rendu]"],"fullName":"[ui] AgentCard — [rendu] affiche le bouton toggle technique","status":"passed","title":"affiche le bouton toggle technique","duration":334.65720000000147,"failureMessages":[],"meta":{}},{"ancestorTitles":["[ui] AgentCard — [rendu]"],"fullName":"[ui] AgentCard — [rendu] applique la classe visible quand visible=true","status":"passed","title":"applique la classe visible quand visible=true","duration":99.84040000000095,"failureMessages":[],"meta":{}},{"ancestorTitles":["[ui] AgentCard — [rendu]"],"fullName":"[ui] AgentCard — [rendu] n'applique pas la classe visible quand visible=false","status":"passed","title":"n'applique pas la classe visible quand visible=false","duration":22.366200000004028,"failureMessages":[],"meta":{}},{"ancestorTitles":["[ui] AgentCard — [rendu]"],"fullName":"[ui] AgentCard — [rendu] affiche l'onglet poème","status":"passed","title":"affiche l'onglet poème","duration":179.710699999996,"failureMessages":[],"meta":{}},{"ancestorTitles":["[ui] AgentCard — [rendu]"],"fullName":"[ui] AgentCard — [rendu] n'affiche pas le champ offre en mode poème","status":"passed","title":"n'affiche pas le champ offre en mode poème","duration":168.585699999996,"failureMessages":[],"meta":{}},{"ancestorTitles":["[ui] AgentCard — [rendu]"],"fullName":"[ui] AgentCard — [rendu] affiche le message vide en mode poème","status":"passed","title":"affiche le message vide en mode poème","duration":128.71119999999064,"failureMessages":[],"meta":{}},{"ancestorTitles":["[ui] AgentCard — [interactions]"],"fullName":"[ui] AgentCard — [interactions] bascule vers l'onglet motivation au clic","status":"passed","title":"bascule vers l'onglet motivation au clic","duration":418.72090000000026,"failureMessages":[],"meta":{}},{"ancestorTitles":["[ui] AgentCard — [interactions]"],"fullName":"[ui] AgentCard — [interactions] réinitialise l'historique au changement d'onglet","status":"passed","title":"réinitialise l'historique au changement d'onglet","duration":715.619200000001,"failureMessages":[],"meta":{}},{"ancestorTitles":["[ui] AgentCard — [interactions]"],"fullName":"[ui] AgentCard — [interactions] envoie un message et affiche la réponse","status":"passed","title":"envoie un message et affiche la réponse","duration":354.3032999999996,"failureMessages":[],"meta":{}},{"ancestorTitles":["[ui] AgentCard — [interactions]"],"fullName":"[ui] AgentCard — [interactions] envoie le message avec la touche Entrée","status":"passed","title":"envoie le message avec la touche Entrée","duration":158.97759999999835,"failureMessages":[],"meta":{}},{"ancestorTitles":["[ui] AgentCard — [interactions]"],"fullName":"[ui] AgentCard — [interactions] ne soumet pas avec Shift+Entrée","status":"passed","title":"ne soumet pas avec Shift+Entrée","duration":221.45950000001176,"failureMessages":[],"meta":{}},{"ancestorTitles":["[ui] AgentCard — [interactions]"],"fullName":"[ui] AgentCard — [interactions] désactive le bouton envoyer quand l'input est vide","status":"passed","title":"désactive le bouton envoyer quand l'input est vide","duration":194.70660000000498,"failureMessages":[],"meta":{}},{"ancestorTitles":["[ui] AgentCard — [interactions]"],"fullName":"[ui] AgentCard — [interactions] affiche une erreur si l'API échoue","status":"passed","title":"affiche une erreur si l'API échoue","duration":482.9280999999901,"failureMessages":[],"meta":{}},{"ancestorTitles":["[ui] AgentCard — [interactions]"],"fullName":"[ui] AgentCard — [interactions] affiche une erreur réseau si fetch échoue","status":"passed","title":"affiche une erreur réseau si fetch échoue","duration":357.7360999999946,"failureMessages":[],"meta":{}},{"ancestorTitles":["[ui] AgentCard — [interactions]"],"fullName":"[ui] AgentCard — [interactions] affiche une erreur si offre manquante en mode motivation","status":"passed","title":"affiche une erreur si offre manquante en mode motivation","duration":678.0507999999973,"failureMessages":[],"meta":{}},{"ancestorTitles":["[ui] AgentCard — [interactions]"],"fullName":"[ui] AgentCard — [interactions] affiche et masque le panel technique au toggle","status":"passed","title":"affiche et masque le panel technique au toggle","duration":234.79780000000028,"failureMessages":[],"meta":{}},{"ancestorTitles":["[ui] AgentCard — [interactions]"],"fullName":"[ui] AgentCard — [interactions] bascule vers l'onglet poème au clic","status":"passed","title":"bascule vers l'onglet poème au clic","duration":241.25419999999576,"failureMessages":[],"meta":{}},{"ancestorTitles":["[ui] AgentCard — [interactions]"],"fullName":"[ui] AgentCard — [interactions] affiche le poème et l'illustration après réponse","status":"passed","title":"affiche le poème et l'illustration après réponse","duration":482.5448000000033,"failureMessages":[],"meta":{}},{"ancestorTitles":["[ui] AgentCard — [interactions]"],"fullName":"[ui] AgentCard — [interactions] réinitialise le poème au changement d'onglet","status":"passed","title":"réinitialise le poème au changement d'onglet","duration":582.8138999999937,"failureMessages":[],"meta":{}},{"ancestorTitles":["[ui] AgentCard — [a11y]"],"fullName":"[ui] AgentCard — [a11y] n'a pas de violations d'accessibilité — état initial","status":"passed","title":"n'a pas de violations d'accessibilité — état initial","duration":1036.4570000000094,"failureMessages":[],"meta":{}},{"ancestorTitles":["[ui] AgentCard — [a11y]"],"fullName":"[ui] AgentCard — [a11y] n'a pas de violations d'accessibilité — mode motivation","status":"passed","title":"n'a pas de violations d'accessibilité — mode motivation","duration":1077.5757000000012,"failureMessages":[],"meta":{}},{"ancestorTitles":["[ui] AgentCard — [a11y]"],"fullName":"[ui] AgentCard — [a11y] n'a pas de violations d'accessibilité — panel technique ouvert","status":"passed","title":"n'a pas de violations d'accessibilité — panel technique ouvert","duration":1014.2914000000019,"failureMessages":[],"meta":{}},{"ancestorTitles":["[ui] AgentCard — [a11y]"],"fullName":"[ui] AgentCard — [a11y] n'a pas de violations après réception d'une réponse","status":"passed","title":"n'a pas de violations après réception d'une réponse","duration":1138.6008000000002,"failureMessages":[],"meta":{}},{"ancestorTitles":["[ui] AgentCard — [a11y]"],"fullName":"[ui] AgentCard — [a11y] n'a pas de violations d'accessibilité — mode poème","status":"passed","title":"n'a pas de violations d'accessibilité — mode poème","duration":662.7630999999965,"failureMessages":[],"meta":{}},{"ancestorTitles":["[ui] AgentCard — [a11y]"],"fullName":"[ui] AgentCard — [a11y] n'a pas de violations d'accessibilité — poème affiché","status":"passed","title":"n'a pas de violations d'accessibilité — poème affiché","duration":1532.3457999999955,"failureMessages":[],"meta":{}}],"startTime":1774010864093,"endTime":1774010878712.3457,"status":"passed","message":"","name":"D:/Projects/cv-portfolio/apps/web/src/components/sections/Playground/AgentCard/AgentCard.test.tsx"},{"assertionResults":[{"ancestorTitles":["[section] ArchDiagram — [rendu]"],"fullName":"[section] ArchDiagram — [rendu] affiche le bouton déclencheur","status":"passed","title":"affiche le bouton déclencheur","duration":557.4382000000005,"failureMessages":[],"meta":{}},{"ancestorTitles":["[section] ArchDiagram — [rendu]"],"fullName":"[section] ArchDiagram — [rendu] le panel est fermé par défaut","status":"passed","title":"le panel est fermé par défaut","duration":9.695999999999913,"failureMessages":[],"meta":{}},{"ancestorTitles":["[section] ArchDiagram — [rendu]"],"fullName":"[section] ArchDiagram — [rendu] affiche les 3 onglets dans ArchDiagramContent","status":"passed","title":"affiche les 3 onglets dans ArchDiagramContent","duration":333.0587999999998,"failureMessages":[],"meta":{}},{"ancestorTitles":["[section] ArchDiagram — [rendu]"],"fullName":"[section] ArchDiagram — [rendu] l'onglet Couches est actif par défaut","status":"passed","title":"l'onglet Couches est actif par défaut","duration":254.88979999999992,"failureMessages":[],"meta":{}},{"ancestorTitles":["[section] ArchDiagram — [rendu]"],"fullName":"[section] ArchDiagram — [rendu] affiche les 4 couches","status":"passed","title":"affiche les 4 couches","duration":96.11470000000008,"failureMessages":[],"meta":{}},{"ancestorTitles":["[section] ArchDiagram — [interactions]"],"fullName":"[section] ArchDiagram — [interactions] ouvre le panel au clic","status":"passed","title":"ouvre le panel au clic","duration":135.6178,"failureMessages":[],"meta":{}},{"ancestorTitles":["[section] ArchDiagram — [interactions]"],"fullName":"[section] ArchDiagram — [interactions] affiche le titre dans le panel","status":"passed","title":"affiche le titre dans le panel","duration":95.29200000000037,"failureMessages":[],"meta":{}},{"ancestorTitles":["[section] ArchDiagram — [interactions]"],"fullName":"[section] ArchDiagram — [interactions] ferme le panel avec le bouton fermer","status":"passed","title":"ferme le panel avec le bouton fermer","duration":189.65099999999984,"failureMessages":[],"meta":{}},{"ancestorTitles":["[section] ArchDiagram — [interactions]"],"fullName":"[section] ArchDiagram — [interactions] switch vers l'onglet Structure","status":"passed","title":"switch vers l'onglet Structure","duration":203.58050000000003,"failureMessages":[],"meta":{}},{"ancestorTitles":["[section] ArchDiagram — [interactions]"],"fullName":"[section] ArchDiagram — [interactions] switch vers l'onglet Flux","status":"passed","title":"switch vers l'onglet Flux","duration":160.88370000000032,"failureMessages":[],"meta":{}},{"ancestorTitles":["[section] ArchDiagram — [a11y]"],"fullName":"[section] ArchDiagram — [a11y] les tabs ont un tablist parent","status":"passed","title":"les tabs ont un tablist parent","duration":89.39599999999973,"failureMessages":[],"meta":{}},{"ancestorTitles":["[section] ArchDiagram — [a11y]"],"fullName":"[section] ArchDiagram — [a11y] un seul tab est actif à la fois","status":"passed","title":"un seul tab est actif à la fois","duration":266.47350000000006,"failureMessages":[],"meta":{}}],"startTime":1774010942305,"endTime":1774010944700.4734,"status":"passed","message":"","name":"D:/Projects/cv-portfolio/apps/web/src/components/sections/Projects/ArchDiagram/ArchDiagram.test.tsx"},{"assertionResults":[{"ancestorTitles":["[section] BrainBoostArchiContent — [rendu]"],"fullName":"[section] BrainBoostArchiContent — [rendu] affiche les 2 onglets","status":"passed","title":"affiche les 2 onglets","duration":1394.2697000000007,"failureMessages":[],"meta":{}},{"ancestorTitles":["[section] BrainBoostArchiContent — [rendu]"],"fullName":"[section] BrainBoostArchiContent — [rendu] l'onglet Couches est actif par défaut","status":"passed","title":"l'onglet Couches est actif par défaut","duration":341.3924999999999,"failureMessages":[],"meta":{}},{"ancestorTitles":["[section] BrainBoostArchiContent — [rendu]"],"fullName":"[section] BrainBoostArchiContent — [rendu] affiche les 4 couches par défaut","status":"passed","title":"affiche les 4 couches par défaut","duration":83.47160000000076,"failureMessages":[],"meta":{}},{"ancestorTitles":["[section] BrainBoostArchiContent — [rendu]"],"fullName":"[section] BrainBoostArchiContent — [rendu] n'affiche pas le flux IA par défaut","status":"passed","title":"n'affiche pas le flux IA par défaut","duration":68.31869999999981,"failureMessages":[],"meta":{}},{"ancestorTitles":["[section] BrainBoostArchiContent — [interactions]"],"fullName":"[section] BrainBoostArchiContent — [interactions] switch vers l'onglet Flux IA","status":"passed","title":"switch vers l'onglet Flux IA","duration":518.8374999999996,"failureMessages":[],"meta":{}},{"ancestorTitles":["[section] BrainBoostArchiContent — [interactions]"],"fullName":"[section] BrainBoostArchiContent — [interactions] affiche les étapes du flux IA après switch","status":"passed","title":"affiche les étapes du flux IA après switch","duration":297.5640000000003,"failureMessages":[],"meta":{}},{"ancestorTitles":["[section] BrainBoostArchiContent — [interactions]"],"fullName":"[section] BrainBoostArchiContent — [interactions] masque les couches après switch vers Flux IA","status":"passed","title":"masque les couches après switch vers Flux IA","duration":264.8852999999999,"failureMessages":[],"meta":{}},{"ancestorTitles":["[section] BrainBoostArchiContent — [interactions]"],"fullName":"[section] BrainBoostArchiContent — [interactions] un seul onglet actif à la fois","status":"passed","title":"un seul onglet actif à la fois","duration":318.66270000000077,"failureMessages":[],"meta":{}},{"ancestorTitles":["[section] BrainBoostArchiContent — [a11y]"],"fullName":"[section] BrainBoostArchiContent — [a11y] les tabs ont un tablist parent","status":"passed","title":"les tabs ont un tablist parent","duration":104.09059999999954,"failureMessages":[],"meta":{}},{"ancestorTitles":["[section] BrainBoostArchiContent — [a11y]"],"fullName":"[section] BrainBoostArchiContent — [a11y] n'a pas de violations (vue Couches)","status":"passed","title":"n'a pas de violations (vue Couches)","duration":1755.7199,"failureMessages":[],"meta":{}},{"ancestorTitles":["[section] BrainBoostArchiContent — [a11y]"],"fullName":"[section] BrainBoostArchiContent — [a11y] n'a pas de violations (vue Flux IA)","status":"passed","title":"n'a pas de violations (vue Flux IA)","duration":902.0496000000003,"failureMessages":[],"meta":{}}],"startTime":1774010902509,"endTime":1774010908566.0496,"status":"passed","message":"","name":"D:/Projects/cv-portfolio/apps/web/src/components/sections/Projects/ArchDiagram/BrainBoostArchiContent.test.tsx"},{"assertionResults":[{"ancestorTitles":["[section] Drawer — [rendu]"],"fullName":"[section] Drawer — [rendu] n'est pas affiché quand project=null","status":"passed","title":"n'est pas affiché quand project=null","duration":108.76660000000084,"failureMessages":[],"meta":{}},{"ancestorTitles":["[section] Drawer — [rendu]"],"fullName":"[section] Drawer — [rendu] s'affiche quand un projet est passé","status":"passed","title":"s'affiche quand un projet est passé","duration":967.6247000000003,"failureMessages":[],"meta":{}},{"ancestorTitles":["[section] Drawer — [rendu]"],"fullName":"[section] Drawer — [rendu] affiche le titre du projet","status":"passed","title":"affiche le titre du projet","duration":30.266999999999825,"failureMessages":[],"meta":{}},{"ancestorTitles":["[section] Drawer — [rendu]"],"fullName":"[section] Drawer — [rendu] affiche la company et l'année","status":"passed","title":"affiche la company et l'année","duration":62.11540000000059,"failureMessages":[],"meta":{}},{"ancestorTitles":["[section] Drawer — [rendu]"],"fullName":"[section] Drawer — [rendu] affiche la description longue","status":"passed","title":"affiche la description longue","duration":34.959500000000844,"failureMessages":[],"meta":{}},{"ancestorTitles":["[section] Drawer — [rendu]"],"fullName":"[section] Drawer — [rendu] affiche les tags","status":"passed","title":"affiche les tags","duration":33.933099999998376,"failureMessages":[],"meta":{}},{"ancestorTitles":["[section] Drawer — [rendu]"],"fullName":"[section] Drawer — [rendu] affiche les tabs du projet","status":"passed","title":"affiche les tabs du projet","duration":505.5058000000008,"failureMessages":[],"meta":{}},{"ancestorTitles":["[section] Drawer — [rendu]"],"fullName":"[section] Drawer — [rendu] le premier tab est actif par défaut","status":"passed","title":"le premier tab est actif par défaut","duration":321.5509999999995,"failureMessages":[],"meta":{}},{"ancestorTitles":["[section] Drawer — [interactions]"],"fullName":"[section] Drawer — [interactions] appelle onClose au clic sur le bouton fermer","status":"passed","title":"appelle onClose au clic sur le bouton fermer","duration":167.22190000000046,"failureMessages":[],"meta":{}},{"ancestorTitles":["[section] Drawer — [interactions]"],"fullName":"[section] Drawer — [interactions] appelle onClose avec la touche Escape","status":"passed","title":"appelle onClose avec la touche Escape","duration":21.6841000000004,"failureMessages":[],"meta":{}},{"ancestorTitles":["[section] Drawer — [interactions]"],"fullName":"[section] Drawer — [interactions] appelle onClose au clic sur l'overlay","status":"passed","title":"appelle onClose au clic sur l'overlay","duration":54.14470000000074,"failureMessages":[],"meta":{}},{"ancestorTitles":["[section] Drawer — [interactions]"],"fullName":"[section] Drawer — [interactions] switch de tab au clic","status":"passed","title":"switch de tab au clic","duration":689.0337,"failureMessages":[],"meta":{}},{"ancestorTitles":["[section] Drawer — [interactions]"],"fullName":"[section] Drawer — [interactions] un seul tab drawer est actif à la fois","status":"passed","title":"un seul tab drawer est actif à la fois","duration":415.94550000000163,"failureMessages":[],"meta":{}},{"ancestorTitles":["[section] Drawer — [a11y]"],"fullName":"[section] Drawer — [a11y] le dialog a aria-modal=true","status":"passed","title":"le dialog a aria-modal=true","duration":66.46079999999893,"failureMessages":[],"meta":{}},{"ancestorTitles":["[section] Drawer — [a11y]"],"fullName":"[section] Drawer — [a11y] le dialog a un aria-label ou aria-labelledby","status":"passed","title":"le dialog a un aria-label ou aria-labelledby","duration":40.837100000000646,"failureMessages":[],"meta":{}},{"ancestorTitles":["[section] Drawer — [a11y]"],"fullName":"[section] Drawer — [a11y] le bouton fermer est accessible","status":"passed","title":"le bouton fermer est accessible","duration":121.07200000000012,"failureMessages":[],"meta":{}},{"ancestorTitles":["[section] Drawer — [a11y]"],"fullName":"[section] Drawer — [a11y] les tabs ont un tablist parent","status":"passed","title":"les tabs ont un tablist parent","duration":101.54070000000138,"failureMessages":[],"meta":{}}],"startTime":1774010932269,"endTime":1774010936017.5408,"status":"passed","message":"","name":"D:/Projects/cv-portfolio/apps/web/src/components/sections/Projects/Drawer/Drawer.test.tsx"}]}